#
# A fatal error has been detected by the Java Runtime Environment:
#
#  EXCEPTION_ACCESS_VIOLATION (0xc0000005) at pc=0x0000000180005b00, pid=7460, tid=16748
#
# JRE version: OpenJDK Runtime Environment (11.0.2+9) (build 11.0.2+9)
# Java VM: OpenJDK 64-Bit Server VM (11.0.2+9, mixed mode, tiered, compressed oops, g1 gc, windows-amd64)
# Problematic frame:
# C  [rxtxSerial.dll+0x5b00]
#
# No core dump will be written. Minidumps are not enabled by default on client versions of Windows
#
# If you would like to submit a bug report, please visit:
#   http://bugreport.java.com/bugreport/crash.jsp
# The crash happened outside the Java Virtual Machine in native code.
# See problematic frame for where to report the bug.
#

---------------  S U M M A R Y ------------

Command Line: .\target\rosita-jar-with-dependencies.jar

Host: Intel(R) Core(TM) i7-4500U CPU @ 1.80GHz, 4 cores, 7G,  Windows 10 , 64 bit Build 15063 (10.0.15063.1058)
Time: Sat Mar 21 19:44:55 2020 W. Europe Standard Time elapsed time: 2 seconds (0d 0h 0m 2s)

---------------  T H R E A D  ---------------

Current thread (0x000002240f6a0800):  JavaThread "Thread-0" [_thread_in_native, id=16748, stack(0x00000035cd900000,0x00000035cda00000)]

Stack: [0x00000035cd900000,0x00000035cda00000],  sp=0x00000035cd9fdef0,  free space=1015k
Native frames: (J=compiled Java code, j=interpreted, Vv=VM code, C=native code)
C  [rxtxSerial.dll+0x5b00]

Java frames: (J=compiled Java code, j=interpreted, Vv=VM code)
j  gnu.io.RXTXPort.readArray([BII)I+0
j  gnu.io.RXTXPort$SerialInputStream.read([BII)I+212
j  sun.nio.cs.StreamDecoder.readBytes()I+135 java.base@11.0.2
j  sun.nio.cs.StreamDecoder.implRead([CII)I+112 java.base@11.0.2
j  sun.nio.cs.StreamDecoder.read([CII)I+180 java.base@11.0.2
j  java.io.InputStreamReader.read([CII)I+7 java.base@11.0.2
j  java.io.BufferedReader.fill()V+145 java.base@11.0.2
j  java.io.BufferedReader.readLine(Z)Ljava/lang/String;+44 java.base@11.0.2
j  java.io.BufferedReader.readLine()Ljava/lang/String;+2 java.base@11.0.2
j  fr.duvam.arduino.ArduinoComm.serialEvent(Lgnu/io/SerialPortEvent;)V+12
j  gnu.io.RXTXPort.sendEvent(IZ)Z+382
v  ~StubRoutines::call_stub
j  gnu.io.RXTXPort.eventLoop()V+0
j  gnu.io.RXTXPort$MonitorThread.run()V+12
v  ~StubRoutines::call_stub

siginfo: EXCEPTION_ACCESS_VIOLATION (0xc0000005), reading address 0xffffffffcd9fed38


Register to memory mapping:

RIP=0x0000000180005b00 rxtxSerial.dll
RAX=0x0000000000000001 is an unknown value
RBX=0x0 is NULL
RCX=0x000000018001d4d5 rxtxSerial.dll
RDX=0xfffffffffffff665 is an unknown value
RSP=0x00000035cd9fdef0 is pointing into the stack for thread: 0x000002240f6a0800
RBP=
[error occurred during error reporting (printing register info), id 0xc0000005, EXCEPTION_ACCESS_VIOLATION (0xc0000005) at pc=0x00007ff9bbb524b6]

Registers:
RAX=0x0000000000000001, RBX=0x0000000000000000, RCX=0x000000018001d4d5, RDX=0xfffffffffffff665
RSP=0x00000035cd9fdef0, RBP=0x00000000ffffffff, RSI=0x0000000000000000, RDI=0x000002240f6a0b40
R8 =0x0000000000000002, R9 =0xfffffffffffff63c, R10=0x0000000000000080, R11=0x8101010101010100
R12=0xffffffffcd9fed30, R13=0x0000000000000004, R14=0x00000035cd9fe0e0, R15=0x0000000000000000
RIP=0x0000000180005b00, EFLAGS=0x0000000000010202

Top of Stack: (sp=0x00000035cd9fdef0)
0x00000035cd9fdef0:   0000000000000000 0000000000000000
0x00000035cd9fdf00:   0000000000000000 000002240f6a0b40
0x00000035cd9fdf10:   0000000000000000 00000035cd9fe0e0
0x00000035cd9fdf20:   00000224104fb358 0000000000000001
0x00000035cd9fdf30:   000002240f6a0b40 0000000000000004
0x00000035cd9fdf40:   ffffffffffffffff 0000000180006211
0x00000035cd9fdf50:   000002240f765f90 ffffffffffffffff
0x00000035cd9fdf60:   0000000000000001 000002240f765f90
0x00000035cd9fdf70:   0000022400000004 00007ff9ffffffff
0x00000035cd9fdf80:   00000035cd9fe0e8 00000035cd9fe0e8
0x00000035cd9fdf90:   00000224104fb358 000002240f6a0800
0x00000035cd9fdfa0:   000002240f69e4a0 00007ff9bbbe9473
0x00000035cd9fdfb0:   00000035cd9fe990 0000000000000170
0x00000035cd9fdfc0:   0000000000000170 0000feaac7f7db30
0x00000035cd9fdfd0:   00000224104fb360 00000224104fb358
0x00000035cd9fdfe0:   000002240f6a0800 00000035cd9fe0e8 

Instructions: (pc=0x0000000180005b00)
0x0000000180005ae0:   15 23 7a 01 00 48 8d 48 60 e8 3a 5d 00 00 4c 8b
0x0000000180005af0:   e5 8b ac 24 88 00 00 00 44 8b ac 24 80 00 00 00
0x0000000180005b00:   45 8b 74 24 08 41 89 5c 24 08 41 8b fd 85 ed 78
0x0000000180005b10:   09 ff 15 e9 14 01 00 44 8b f8 45 85 ed 7e 4a 90 


Stack slot to memory mapping:
stack at sp + 0 slots: 0x0 is NULL
stack at sp + 1 slots: 0x0 is NULL
stack at sp + 2 slots: 0x0 is NULL
stack at sp + 3 slots: 0x000002240f6a0b40 points into unknown readable memory: a0 1c 25 bc f9 7f 00 00
stack at sp + 4 slots: 0x0 is NULL
stack at sp + 5 slots: 0x00000035cd9fe0e0 is pointing into the stack for thread: 0x000002240f6a0800
stack at sp + 6 slots: 0x00000224104fb358 is pointing into metadata
stack at sp + 7 slots: 0x0000000000000001 is an unknown value


---------------  P R O C E S S  ---------------

Threads class SMR info:
_java_thread_list=0x000002241169e820, length=15, elements={
0x000002247f731800, 0x000002240f000800, 0x000002240f059000, 0x000002240f05b000,
0x000002240f05d000, 0x000002240f061000, 0x000002240f064800, 0x000002240f1d3000,
0x000002240f1df000, 0x000002240f6cc000, 0x000002240f6cd000, 0x000002240f6d0800,
0x000002240f7e8800, 0x0000022470760800, 0x000002240f6a0800
}

Java Threads: ( => current thread )
  0x000002247f731800 JavaThread "Reference Handler" daemon [_thread_blocked, id=17220, stack(0x00000035ccb00000,0x00000035ccc00000)]
  0x000002240f000800 JavaThread "Finalizer" daemon [_thread_blocked, id=4444, stack(0x00000035ccc00000,0x00000035ccd00000)]
  0x000002240f059000 JavaThread "Signal Dispatcher" daemon [_thread_blocked, id=7256, stack(0x00000035ccd00000,0x00000035cce00000)]
  0x000002240f05b000 JavaThread "Attach Listener" daemon [_thread_blocked, id=12952, stack(0x00000035cce00000,0x00000035ccf00000)]
  0x000002240f05d000 JavaThread "C2 CompilerThread0" daemon [_thread_in_native, id=15464, stack(0x00000035ccf00000,0x00000035cd000000)]
  0x000002240f061000 JavaThread "C1 CompilerThread0" daemon [_thread_blocked, id=5044, stack(0x00000035cd000000,0x00000035cd100000)]
  0x000002240f064800 JavaThread "Sweeper thread" daemon [_thread_blocked, id=7652, stack(0x00000035cd100000,0x00000035cd200000)]
  0x000002240f1d3000 JavaThread "Service Thread" daemon [_thread_blocked, id=14820, stack(0x00000035cd200000,0x00000035cd300000)]
  0x000002240f1df000 JavaThread "Common-Cleaner" daemon [_thread_blocked, id=996, stack(0x00000035cd400000,0x00000035cd500000)]
  0x000002240f6cc000 JavaThread "Java2D Disposer" daemon [_thread_blocked, id=12464, stack(0x00000035cd500000,0x00000035cd600000)]
  0x000002240f6cd000 JavaThread "AWT-Shutdown" [_thread_blocked, id=3700, stack(0x00000035cd600000,0x00000035cd700000)]
  0x000002240f6d0800 JavaThread "AWT-Windows" daemon [_thread_in_native, id=12736, stack(0x00000035cd700000,0x00000035cd800000)]
  0x000002240f7e8800 JavaThread "AWT-EventQueue-0" [_thread_in_native, id=15124, stack(0x00000035cd800000,0x00000035cd900000)]
  0x0000022470760800 JavaThread "DestroyJavaVM" [_thread_blocked, id=13560, stack(0x00000035cc400000,0x00000035cc500000)]
=>0x000002240f6a0800 JavaThread "Thread-0" [_thread_in_native, id=16748, stack(0x00000035cd900000,0x00000035cda00000)]

Other Threads:
  0x000002247f72f000 VMThread "VM Thread" [stack: 0x00000035cca00000,0x00000035ccb00000] [id=14184]
  0x000002240f1d3800 WatcherThread [stack: 0x00000035cd300000,0x00000035cd400000] [id=9464]
  0x0000022470777000 GCTaskThread "GC Thread#0" [stack: 0x00000035cc500000,0x00000035cc600000] [id=2664]
  0x0000022411cab800 GCTaskThread "GC Thread#1" [stack: 0x00000035cdb00000,0x00000035cdc00000] [id=2804]
  0x000002240fb2a800 GCTaskThread "GC Thread#2" [stack: 0x00000035cdc00000,0x00000035cdd00000] [id=13212]
  0x00000224117d8000 GCTaskThread "GC Thread#3" [stack: 0x00000035cdd00000,0x00000035cde00000] [id=13660]
  0x00000224707a5800 ConcurrentGCThread "G1 Main Marker" [stack: 0x00000035cc600000,0x00000035cc700000] [id=15484]
  0x00000224707a7000 ConcurrentGCThread "G1 Conc#0" [stack: 0x00000035cc700000,0x00000035cc800000] [id=9920]
  0x000002247083d800 ConcurrentGCThread "G1 Refine#0" [stack: 0x00000035cc800000,0x00000035cc900000] [id=12276]
  0x000002240fa6e000 ConcurrentGCThread "G1 Refine#1" [stack: 0x00000035cde00000,0x00000035cdf00000] [id=12980]
  0x000002247083e800 ConcurrentGCThread "G1 Young RemSet Sampling" [stack: 0x00000035cc900000,0x00000035cca00000] [id=17340]

Threads with active compile tasks:
C2 CompilerThread01310       4       java.lang.reflect.ProxyGenerator$ConstantPool::getUtf8 (18 bytes)

VM state:not at safepoint (normal execution)

VM Mutex/Monitor currently owned by a thread: None

Heap address: 0x0000000087800000, size: 1928 MB, Compressed Oops mode: 32-bit
Narrow klass base: 0x0000000000000000, Narrow klass shift: 3
Compressed class space size: 1073741824 Address: 0x0000000100000000

Heap:
 garbage-first heap   total 124928K, used 3749K [0x0000000087800000, 0x0000000100000000)
  region size 1024K, 2 young (2048K), 1 survivors (1024K)
 Metaspace       used 17471K, capacity 17930K, committed 18176K, reserved 1064960K
  class space    used 1847K, capacity 2033K, committed 2048K, reserved 1048576K
Heap Regions: E=young(eden), S=young(survivor), O=old, HS=humongous(starts), HC=humongous(continues), CS=collection set, F=free, A=archive, TAMS=top-at-mark-start (previous, next)
|   0|0x0000000087800000, 0x0000000087900000, 0x0000000087900000|100%| O|  |TAMS 0x0000000087800000, 0x0000000087800000| Untracked 
|   1|0x0000000087900000, 0x0000000087a00000, 0x0000000087a00000|100%| O|  |TAMS 0x0000000087900000, 0x0000000087900000| Untracked 
|   2|0x0000000087a00000, 0x0000000087b00000, 0x0000000087b00000|100%| O|  |TAMS 0x0000000087a00000, 0x0000000087a00000| Untracked 
|   3|0x0000000087b00000, 0x0000000087b26a00, 0x0000000087c00000| 15%| O|  |TAMS 0x0000000087b00000, 0x0000000087b00000| Untracked 
|   4|0x0000000087c00000, 0x0000000087c00000, 0x0000000087d00000|  0%| F|  |TAMS 0x0000000087c00000, 0x0000000087c00000| Untracked 
|   5|0x0000000087d00000, 0x0000000087d00000, 0x0000000087e00000|  0%| F|  |TAMS 0x0000000087d00000, 0x0000000087d00000| Untracked 
|   6|0x0000000087e00000, 0x0000000087e00000, 0x0000000087f00000|  0%| F|  |TAMS 0x0000000087e00000, 0x0000000087e00000| Untracked 
|   7|0x0000000087f00000, 0x0000000087f00000, 0x0000000088000000|  0%| F|  |TAMS 0x0000000087f00000, 0x0000000087f00000| Untracked 
|   8|0x0000000088000000, 0x0000000088000000, 0x0000000088100000|  0%| F|  |TAMS 0x0000000088000000, 0x0000000088000000| Untracked 
|   9|0x0000000088100000, 0x0000000088100000, 0x0000000088200000|  0%| F|  |TAMS 0x0000000088100000, 0x0000000088100000| Untracked 
|  10|0x0000000088200000, 0x0000000088200000, 0x0000000088300000|  0%| F|  |TAMS 0x0000000088200000, 0x0000000088200000| Untracked 
|  11|0x0000000088300000, 0x0000000088300000, 0x0000000088400000|  0%| F|  |TAMS 0x0000000088300000, 0x0000000088300000| Untracked 
|  12|0x0000000088400000, 0x0000000088400000, 0x0000000088500000|  0%| F|  |TAMS 0x0000000088400000, 0x0000000088400000| Untracked 
|  13|0x0000000088500000, 0x0000000088500000, 0x0000000088600000|  0%| F|  |TAMS 0x0000000088500000, 0x0000000088500000| Untracked 
|  14|0x0000000088600000, 0x0000000088600000, 0x0000000088700000|  0%| F|  |TAMS 0x0000000088600000, 0x0000000088600000| Untracked 
|  15|0x0000000088700000, 0x0000000088700000, 0x0000000088800000|  0%| F|  |TAMS 0x0000000088700000, 0x0000000088700000| Untracked 
|  16|0x0000000088800000, 0x0000000088800000, 0x0000000088900000|  0%| F|  |TAMS 0x0000000088800000, 0x0000000088800000| Untracked 
|  17|0x0000000088900000, 0x0000000088900000, 0x0000000088a00000|  0%| F|  |TAMS 0x0000000088900000, 0x0000000088900000| Untracked 
|  18|0x0000000088a00000, 0x0000000088a00000, 0x0000000088b00000|  0%| F|  |TAMS 0x0000000088a00000, 0x0000000088a00000| Untracked 
|  19|0x0000000088b00000, 0x0000000088b00000, 0x0000000088c00000|  0%| F|  |TAMS 0x0000000088b00000, 0x0000000088b00000| Untracked 
|  20|0x0000000088c00000, 0x0000000088c00000, 0x0000000088d00000|  0%| F|  |TAMS 0x0000000088c00000, 0x0000000088c00000| Untracked 
|  21|0x0000000088d00000, 0x0000000088d00000, 0x0000000088e00000|  0%| F|  |TAMS 0x0000000088d00000, 0x0000000088d00000| Untracked 
|  22|0x0000000088e00000, 0x0000000088e00000, 0x0000000088f00000|  0%| F|  |TAMS 0x0000000088e00000, 0x0000000088e00000| Untracked 
|  23|0x0000000088f00000, 0x0000000088f00000, 0x0000000089000000|  0%| F|  |TAMS 0x0000000088f00000, 0x0000000088f00000| Untracked 
|  24|0x0000000089000000, 0x0000000089000000, 0x0000000089100000|  0%| F|  |TAMS 0x0000000089000000, 0x0000000089000000| Untracked 
|  25|0x0000000089100000, 0x0000000089100000, 0x0000000089200000|  0%| F|  |TAMS 0x0000000089100000, 0x0000000089100000| Untracked 
|  26|0x0000000089200000, 0x0000000089200000, 0x0000000089300000|  0%| F|  |TAMS 0x0000000089200000, 0x0000000089200000| Untracked 
|  27|0x0000000089300000, 0x0000000089300000, 0x0000000089400000|  0%| F|  |TAMS 0x0000000089300000, 0x0000000089300000| Untracked 
|  28|0x0000000089400000, 0x0000000089400000, 0x0000000089500000|  0%| F|  |TAMS 0x0000000089400000, 0x0000000089400000| Untracked 
|  29|0x0000000089500000, 0x0000000089500000, 0x0000000089600000|  0%| F|  |TAMS 0x0000000089500000, 0x0000000089500000| Untracked 
|  30|0x0000000089600000, 0x0000000089600000, 0x0000000089700000|  0%| F|  |TAMS 0x0000000089600000, 0x0000000089600000| Untracked 
|  31|0x0000000089700000, 0x0000000089700000, 0x0000000089800000|  0%| F|  |TAMS 0x0000000089700000, 0x0000000089700000| Untracked 
|  32|0x0000000089800000, 0x0000000089800000, 0x0000000089900000|  0%| F|  |TAMS 0x0000000089800000, 0x0000000089800000| Untracked 
|  33|0x0000000089900000, 0x0000000089900000, 0x0000000089a00000|  0%| F|  |TAMS 0x0000000089900000, 0x0000000089900000| Untracked 
|  34|0x0000000089a00000, 0x0000000089a00000, 0x0000000089b00000|  0%| F|  |TAMS 0x0000000089a00000, 0x0000000089a00000| Untracked 
|  35|0x0000000089b00000, 0x0000000089b00000, 0x0000000089c00000|  0%| F|  |TAMS 0x0000000089b00000, 0x0000000089b00000| Untracked 
|  36|0x0000000089c00000, 0x0000000089c00000, 0x0000000089d00000|  0%| F|  |TAMS 0x0000000089c00000, 0x0000000089c00000| Untracked 
|  37|0x0000000089d00000, 0x0000000089d00000, 0x0000000089e00000|  0%| F|  |TAMS 0x0000000089d00000, 0x0000000089d00000| Untracked 
|  38|0x0000000089e00000, 0x0000000089e00000, 0x0000000089f00000|  0%| F|  |TAMS 0x0000000089e00000, 0x0000000089e00000| Untracked 
|  39|0x0000000089f00000, 0x0000000089f00000, 0x000000008a000000|  0%| F|  |TAMS 0x0000000089f00000, 0x0000000089f00000| Untracked 
|  40|0x000000008a000000, 0x000000008a000000, 0x000000008a100000|  0%| F|  |TAMS 0x000000008a000000, 0x000000008a000000| Untracked 
|  41|0x000000008a100000, 0x000000008a100000, 0x000000008a200000|  0%| F|  |TAMS 0x000000008a100000, 0x000000008a100000| Untracked 
|  42|0x000000008a200000, 0x000000008a200000, 0x000000008a300000|  0%| F|  |TAMS 0x000000008a200000, 0x000000008a200000| Untracked 
|  43|0x000000008a300000, 0x000000008a300000, 0x000000008a400000|  0%| F|  |TAMS 0x000000008a300000, 0x000000008a300000| Untracked 
|  44|0x000000008a400000, 0x000000008a400000, 0x000000008a500000|  0%| F|  |TAMS 0x000000008a400000, 0x000000008a400000| Untracked 
|  45|0x000000008a500000, 0x000000008a500000, 0x000000008a600000|  0%| F|  |TAMS 0x000000008a500000, 0x000000008a500000| Untracked 
|  46|0x000000008a600000, 0x000000008a600000, 0x000000008a700000|  0%| F|  |TAMS 0x000000008a600000, 0x000000008a600000| Untracked 
|  47|0x000000008a700000, 0x000000008a700000, 0x000000008a800000|  0%| F|  |TAMS 0x000000008a700000, 0x000000008a700000| Untracked 
|  48|0x000000008a800000, 0x000000008a800000, 0x000000008a900000|  0%| F|  |TAMS 0x000000008a800000, 0x000000008a800000| Untracked 
|  49|0x000000008a900000, 0x000000008a900000, 0x000000008aa00000|  0%| F|  |TAMS 0x000000008a900000, 0x000000008a900000| Untracked 
|  50|0x000000008aa00000, 0x000000008aa00000, 0x000000008ab00000|  0%| F|  |TAMS 0x000000008aa00000, 0x000000008aa00000| Untracked 
|  51|0x000000008ab00000, 0x000000008ab00000, 0x000000008ac00000|  0%| F|  |TAMS 0x000000008ab00000, 0x000000008ab00000| Untracked 
|  52|0x000000008ac00000, 0x000000008ac00000, 0x000000008ad00000|  0%| F|  |TAMS 0x000000008ac00000, 0x000000008ac00000| Untracked 
|  53|0x000000008ad00000, 0x000000008ad00000, 0x000000008ae00000|  0%| F|  |TAMS 0x000000008ad00000, 0x000000008ad00000| Untracked 
|  54|0x000000008ae00000, 0x000000008ae00000, 0x000000008af00000|  0%| F|  |TAMS 0x000000008ae00000, 0x000000008ae00000| Untracked 
|  55|0x000000008af00000, 0x000000008af00000, 0x000000008b000000|  0%| F|  |TAMS 0x000000008af00000, 0x000000008af00000| Untracked 
|  56|0x000000008b000000, 0x000000008b000000, 0x000000008b100000|  0%| F|  |TAMS 0x000000008b000000, 0x000000008b000000| Untracked 
|  57|0x000000008b100000, 0x000000008b100000, 0x000000008b200000|  0%| F|  |TAMS 0x000000008b100000, 0x000000008b100000| Untracked 
|  58|0x000000008b200000, 0x000000008b200000, 0x000000008b300000|  0%| F|  |TAMS 0x000000008b200000, 0x000000008b200000| Untracked 
|  59|0x000000008b300000, 0x000000008b300000, 0x000000008b400000|  0%| F|  |TAMS 0x000000008b300000, 0x000000008b300000| Untracked 
|  60|0x000000008b400000, 0x000000008b400000, 0x000000008b500000|  0%| F|  |TAMS 0x000000008b400000, 0x000000008b400000| Untracked 
|  61|0x000000008b500000, 0x000000008b500000, 0x000000008b600000|  0%| F|  |TAMS 0x000000008b500000, 0x000000008b500000| Untracked 
|  62|0x000000008b600000, 0x000000008b600000, 0x000000008b700000|  0%| F|  |TAMS 0x000000008b600000, 0x000000008b600000| Untracked 
|  63|0x000000008b700000, 0x000000008b700000, 0x000000008b800000|  0%| F|  |TAMS 0x000000008b700000, 0x000000008b700000| Untracked 
|  64|0x000000008b800000, 0x000000008b800000, 0x000000008b900000|  0%| F|  |TAMS 0x000000008b800000, 0x000000008b800000| Untracked 
|  65|0x000000008b900000, 0x000000008b900000, 0x000000008ba00000|  0%| F|  |TAMS 0x000000008b900000, 0x000000008b900000| Untracked 
|  66|0x000000008ba00000, 0x000000008ba00000, 0x000000008bb00000|  0%| F|  |TAMS 0x000000008ba00000, 0x000000008ba00000| Untracked 
|  67|0x000000008bb00000, 0x000000008bb00000, 0x000000008bc00000|  0%| F|  |TAMS 0x000000008bb00000, 0x000000008bb00000| Untracked 
|  68|0x000000008bc00000, 0x000000008bc00000, 0x000000008bd00000|  0%| F|  |TAMS 0x000000008bc00000, 0x000000008bc00000| Untracked 
|  69|0x000000008bd00000, 0x000000008bd00000, 0x000000008be00000|  0%| F|  |TAMS 0x000000008bd00000, 0x000000008bd00000| Untracked 
|  70|0x000000008be00000, 0x000000008be00000, 0x000000008bf00000|  0%| F|  |TAMS 0x000000008be00000, 0x000000008be00000| Untracked 
|  71|0x000000008bf00000, 0x000000008bf00000, 0x000000008c000000|  0%| F|  |TAMS 0x000000008bf00000, 0x000000008bf00000| Untracked 
|  72|0x000000008c000000, 0x000000008c000000, 0x000000008c100000|  0%| F|  |TAMS 0x000000008c000000, 0x000000008c000000| Untracked 
|  73|0x000000008c100000, 0x000000008c100000, 0x000000008c200000|  0%| F|  |TAMS 0x000000008c100000, 0x000000008c100000| Untracked 
|  74|0x000000008c200000, 0x000000008c200000, 0x000000008c300000|  0%| F|  |TAMS 0x000000008c200000, 0x000000008c200000| Untracked 
|  75|0x000000008c300000, 0x000000008c300000, 0x000000008c400000|  0%| F|  |TAMS 0x000000008c300000, 0x000000008c300000| Untracked 
|  76|0x000000008c400000, 0x000000008c400000, 0x000000008c500000|  0%| F|  |TAMS 0x000000008c400000, 0x000000008c400000| Untracked 
|  77|0x000000008c500000, 0x000000008c500000, 0x000000008c600000|  0%| F|  |TAMS 0x000000008c500000, 0x000000008c500000| Untracked 
|  78|0x000000008c600000, 0x000000008c600000, 0x000000008c700000|  0%| F|  |TAMS 0x000000008c600000, 0x000000008c600000| Untracked 
|  79|0x000000008c700000, 0x000000008c700000, 0x000000008c800000|  0%| F|  |TAMS 0x000000008c700000, 0x000000008c700000| Untracked 
|  80|0x000000008c800000, 0x000000008c800000, 0x000000008c900000|  0%| F|  |TAMS 0x000000008c800000, 0x000000008c800000| Untracked 
|  81|0x000000008c900000, 0x000000008c900000, 0x000000008ca00000|  0%| F|  |TAMS 0x000000008c900000, 0x000000008c900000| Untracked 
|  82|0x000000008ca00000, 0x000000008ca00000, 0x000000008cb00000|  0%| F|  |TAMS 0x000000008ca00000, 0x000000008ca00000| Untracked 
|  83|0x000000008cb00000, 0x000000008cb00000, 0x000000008cc00000|  0%| F|  |TAMS 0x000000008cb00000, 0x000000008cb00000| Untracked 
|  84|0x000000008cc00000, 0x000000008cc00000, 0x000000008cd00000|  0%| F|  |TAMS 0x000000008cc00000, 0x000000008cc00000| Untracked 
|  85|0x000000008cd00000, 0x000000008cd00000, 0x000000008ce00000|  0%| F|  |TAMS 0x000000008cd00000, 0x000000008cd00000| Untracked 
|  86|0x000000008ce00000, 0x000000008ce00000, 0x000000008cf00000|  0%| F|  |TAMS 0x000000008ce00000, 0x000000008ce00000| Untracked 
|  87|0x000000008cf00000, 0x000000008cf00000, 0x000000008d000000|  0%| F|  |TAMS 0x000000008cf00000, 0x000000008cf00000| Untracked 
|  88|0x000000008d000000, 0x000000008d000000, 0x000000008d100000|  0%| F|  |TAMS 0x000000008d000000, 0x000000008d000000| Untracked 
|  89|0x000000008d100000, 0x000000008d100000, 0x000000008d200000|  0%| F|  |TAMS 0x000000008d100000, 0x000000008d100000| Untracked 
|  90|0x000000008d200000, 0x000000008d200000, 0x000000008d300000|  0%| F|  |TAMS 0x000000008d200000, 0x000000008d200000| Untracked 
|  91|0x000000008d300000, 0x000000008d300000, 0x000000008d400000|  0%| F|  |TAMS 0x000000008d300000, 0x000000008d300000| Untracked 
|  92|0x000000008d400000, 0x000000008d400000, 0x000000008d500000|  0%| F|  |TAMS 0x000000008d400000, 0x000000008d400000| Untracked 
|  93|0x000000008d500000, 0x000000008d500000, 0x000000008d600000|  0%| F|  |TAMS 0x000000008d500000, 0x000000008d500000| Untracked 
|  94|0x000000008d600000, 0x000000008d600000, 0x000000008d700000|  0%| F|  |TAMS 0x000000008d600000, 0x000000008d600000| Untracked 
|  95|0x000000008d700000, 0x000000008d700000, 0x000000008d800000|  0%| F|  |TAMS 0x000000008d700000, 0x000000008d700000| Untracked 
|  96|0x000000008d800000, 0x000000008d800000, 0x000000008d900000|  0%| F|  |TAMS 0x000000008d800000, 0x000000008d800000| Untracked 
|  97|0x000000008d900000, 0x000000008d900000, 0x000000008da00000|  0%| F|  |TAMS 0x000000008d900000, 0x000000008d900000| Untracked 
|  98|0x000000008da00000, 0x000000008da00000, 0x000000008db00000|  0%| F|  |TAMS 0x000000008da00000, 0x000000008da00000| Untracked 
|  99|0x000000008db00000, 0x000000008db00000, 0x000000008dc00000|  0%| F|  |TAMS 0x000000008db00000, 0x000000008db00000| Untracked 
| 100|0x000000008dc00000, 0x000000008dc00000, 0x000000008dd00000|  0%| F|  |TAMS 0x000000008dc00000, 0x000000008dc00000| Untracked 
| 101|0x000000008dd00000, 0x000000008dd00000, 0x000000008de00000|  0%| F|  |TAMS 0x000000008dd00000, 0x000000008dd00000| Untracked 
| 102|0x000000008de00000, 0x000000008de00000, 0x000000008df00000|  0%| F|  |TAMS 0x000000008de00000, 0x000000008de00000| Untracked 
| 103|0x000000008df00000, 0x000000008df00000, 0x000000008e000000|  0%| F|  |TAMS 0x000000008df00000, 0x000000008df00000| Untracked 
| 104|0x000000008e000000, 0x000000008e000000, 0x000000008e100000|  0%| F|  |TAMS 0x000000008e000000, 0x000000008e000000| Untracked 
| 105|0x000000008e100000, 0x000000008e100000, 0x000000008e200000|  0%| F|  |TAMS 0x000000008e100000, 0x000000008e100000| Untracked 
| 106|0x000000008e200000, 0x000000008e200000, 0x000000008e300000|  0%| F|  |TAMS 0x000000008e200000, 0x000000008e200000| Untracked 
| 107|0x000000008e300000, 0x000000008e300000, 0x000000008e400000|  0%| F|  |TAMS 0x000000008e300000, 0x000000008e300000| Untracked 
| 108|0x000000008e400000, 0x000000008e400000, 0x000000008e500000|  0%| F|  |TAMS 0x000000008e400000, 0x000000008e400000| Untracked 
| 109|0x000000008e500000, 0x000000008e500000, 0x000000008e600000|  0%| F|  |TAMS 0x000000008e500000, 0x000000008e500000| Untracked 
| 110|0x000000008e600000, 0x000000008e600000, 0x000000008e700000|  0%| F|  |TAMS 0x000000008e600000, 0x000000008e600000| Untracked 
| 111|0x000000008e700000, 0x000000008e700000, 0x000000008e800000|  0%| F|  |TAMS 0x000000008e700000, 0x000000008e700000| Untracked 
| 112|0x000000008e800000, 0x000000008e800000, 0x000000008e900000|  0%| F|  |TAMS 0x000000008e800000, 0x000000008e800000| Untracked 
| 113|0x000000008e900000, 0x000000008e900000, 0x000000008ea00000|  0%| F|  |TAMS 0x000000008e900000, 0x000000008e900000| Untracked 
| 114|0x000000008ea00000, 0x000000008ea00000, 0x000000008eb00000|  0%| F|  |TAMS 0x000000008ea00000, 0x000000008ea00000| Untracked 
| 115|0x000000008eb00000, 0x000000008eb00000, 0x000000008ec00000|  0%| F|  |TAMS 0x000000008eb00000, 0x000000008eb00000| Untracked 
| 116|0x000000008ec00000, 0x000000008ec00000, 0x000000008ed00000|  0%| F|  |TAMS 0x000000008ec00000, 0x000000008ec00000| Untracked 
| 117|0x000000008ed00000, 0x000000008ed82de0, 0x000000008ee00000| 51%| S|CS|TAMS 0x000000008ed00000, 0x000000008ed00000| Complete 
| 118|0x000000008ee00000, 0x000000008ee00000, 0x000000008ef00000|  0%| F|  |TAMS 0x000000008ee00000, 0x000000008ee00000| Untracked 
| 119|0x000000008ef00000, 0x000000008ef00000, 0x000000008f000000|  0%| F|  |TAMS 0x000000008ef00000, 0x000000008ef00000| Untracked 
| 120|0x000000008f000000, 0x000000008f000000, 0x000000008f100000|  0%| F|  |TAMS 0x000000008f000000, 0x000000008f000000| Untracked 
| 121|0x000000008f100000, 0x000000008f1ba298, 0x000000008f200000| 72%| E|  |TAMS 0x000000008f100000, 0x000000008f100000| Complete 

Card table byte_map: [0x0000022478e50000,0x0000022479220000] _byte_map_base: 0x0000022478a14000

Marking Bits (Prev, Next): (CMBitMap*) 0x000002247079d208, (CMBitMap*) 0x000002247079d240
 Prev Bits: [0x00000224795f0000, 0x000002247b410000)
 Next Bits: [0x000002247b410000, 0x000002247d230000)

Polling page: 0x000002246fef0000

Metaspace:

Usage:
  Non-class:     15.52 MB capacity,    15.26 MB ( 98%) used,   229.58 KB (  1%) free+waste,    43.31 KB ( <1%) overhead. 
      Class:      1.99 MB capacity,     1.80 MB ( 91%) used,   162.70 KB (  8%) free+waste,    23.13 KB (  1%) overhead. 
       Both:     17.51 MB capacity,    17.06 MB ( 97%) used,   392.27 KB (  2%) free+waste,    66.44 KB ( <1%) overhead. 

Virtual space:
  Non-class space:       16.00 MB reserved,      15.75 MB ( 98%) committed 
      Class space:        1.00 GB reserved,       2.00 MB ( <1%) committed 
             Both:        1.02 GB reserved,      17.75 MB (  2%) committed 

Chunk freelists:
   Non-Class:  4.88 KB
       Class:  1.88 KB
        Both:  6.75 KB

CodeHeap 'non-profiled nmethods': size=120064Kb used=405Kb max_used=405Kb free=119659Kb
 bounds [0x0000022407ac0000, 0x0000022407d30000, 0x000002240f000000]
CodeHeap 'profiled nmethods': size=120000Kb used=2444Kb max_used=2444Kb free=117556Kb
 bounds [0x0000022400590000, 0x0000022400800000, 0x0000022407ac0000]
CodeHeap 'non-nmethods': size=5696Kb used=1173Kb max_used=1188Kb free=4522Kb
 bounds [0x0000022400000000, 0x0000022400270000, 0x0000022400590000]
 total_blobs=2062 nmethods=1320 adapters=435
 compilation: enabled
              stopped_count=0, restarted_count=0
 full_count=0

Compilation events (10 events):
Event: 2.184 Thread 0x000002240f061000 nmethod 1185 0x00000224007a9b90 code [0x00000224007a9e40, 0x00000224007aab90]
Event: 2.184 Thread 0x000002240f061000 1187  s    3       sun.nio.fs.WindowsDirectoryStream$WindowsDirectoryIterator::hasNext (35 bytes)
Event: 2.184 Thread 0x000002240f061000 nmethod 1187 0x00000224007ab010 code [0x00000224007ab1e0, 0x00000224007ab630]
Event: 2.195 Thread 0x000002240f061000 1188       3       java.lang.StringCoding::encode (102 bytes)
Event: 2.196 Thread 0x000002240f061000 nmethod 1188 0x00000224007ab710 code [0x00000224007aba00, 0x00000224007aca00]
Event: 2.197 Thread 0x000002240f061000 1189       3       sun.nio.fs.WindowsFileAttributes::fromFindData (127 bytes)
Event: 2.197 Thread 0x000002240f061000 nmethod 1189 0x00000224007acf10 code [0x00000224007ad120, 0x00000224007ad7d0]
Event: 2.197 Thread 0x000002240f061000 1197   !   3       sun.nio.fs.WindowsDirectoryStream$WindowsDirectoryIterator::readNextEntry (192 bytes)
Event: 2.198 Thread 0x000002240f061000 nmethod 1197 0x00000224007ada90 code [0x00000224007add60, 0x00000224007ae9c0]
Event: 2.198 Thread 0x000002240f061000 1190   !   3       sun.nio.fs.WindowsDirectoryStream$WindowsDirectoryIterator::acceptEntry (71 bytes)

GC Heap History (2 events):
Event: 1.830 GC heap before
{Heap before GC invocations=0 (full 0):
 garbage-first heap   total 124928K, used 14336K [0x0000000087800000, 0x0000000100000000)
  region size 1024K, 14 young (14336K), 0 survivors (0K)
 Metaspace       used 16058K, capacity 16519K, committed 16768K, reserved 1064960K
  class space    used 1675K, capacity 1859K, committed 1920K, reserved 1048576K
}
Event: 1.839 GC heap after
{Heap after GC invocations=1 (full 0):
 garbage-first heap   total 124928K, used 3203K [0x0000000087800000, 0x0000000100000000)
  region size 1024K, 2 young (2048K), 2 survivors (2048K)
 Metaspace       used 16058K, capacity 16519K, committed 16768K, reserved 1064960K
  class space    used 1675K, capacity 1859K, committed 1920K, reserved 1048576K
}

Deoptimization events (9 events):
Event: 0.158 Thread 0x0000022470760800 Uncommon trap: reason=unstable_if action=reinterpret pc=0x0000022407ac5270 method=java.lang.String.hashCode()I @ 14 c2
Event: 1.316 Thread 0x000002240f7e8800 Uncommon trap: reason=unstable_if action=reinterpret pc=0x0000022407af4db0 method=jdk.internal.org.objectweb.asm.Type.getArgumentsAndReturnSizes(Ljava/lang/String;)I @ 88 c2
Event: 1.323 Thread 0x000002240f7e8800 Uncommon trap: reason=unstable_if action=reinterpret pc=0x0000022407aefa2c method=java.lang.AbstractStringBuilder.putStringAt(ILjava/lang/String;)V @ 8 c2
Event: 1.324 Thread 0x000002240f7e8800 Uncommon trap: reason=unstable_if action=reinterpret pc=0x0000022407aec024 method=java.lang.AbstractStringBuilder.putStringAt(ILjava/lang/String;)V @ 8 c2
Event: 1.324 Thread 0x000002240f7e8800 Uncommon trap: reason=unstable_if action=reinterpret pc=0x0000022407aeb870 method=java.lang.String.getBytes([BIB)V @ 5 c2
Event: 1.603 Thread 0x000002240f7e8800 Uncommon trap: reason=class_check action=maybe_recompile pc=0x0000022407b00530 method=java.util.HashMap.putVal(ILjava/lang/Object;Ljava/lang/Object;ZZ)Ljava/lang/Object; @ 91 c2
Event: 1.892 Thread 0x000002240f7e8800 Uncommon trap: reason=class_check action=maybe_recompile pc=0x0000022407affeb0 method=java.util.HashMap.putVal(ILjava/lang/Object;Ljava/lang/Object;ZZ)Ljava/lang/Object; @ 253 c2
Event: 1.892 Thread 0x000002240f7e8800 Uncommon trap: reason=class_check action=maybe_recompile pc=0x0000022407affeb0 method=java.util.HashMap.putVal(ILjava/lang/Object;Ljava/lang/Object;ZZ)Ljava/lang/Object; @ 253 c2
Event: 1.892 Thread 0x000002240f7e8800 Uncommon trap: reason=class_check action=maybe_recompile pc=0x0000022407affeb0 method=java.util.HashMap.putVal(ILjava/lang/Object;Ljava/lang/Object;ZZ)Ljava/lang/Object; @ 253 c2

Classes redefined (0 events):
No events

Internal exceptions (10 events):
Event: 1.261 Thread 0x000002240f7e8800 Exception <a 'java/io/FileNotFoundException'{0x000000008e9f36a8}> (0x000000008e9f36a8) thrown at [t:/workspace/open/src/hotspot/share/prims/jni.cpp, line 615]
Event: 1.262 Thread 0x000002240f7e8800 Exception <a 'java/io/FileNotFoundException'{0x000000008e9f3e50}> (0x000000008e9f3e50) thrown at [t:/workspace/open/src/hotspot/share/prims/jni.cpp, line 615]
Event: 1.317 Thread 0x000002240f7e8800 Exception <a 'java/lang/NoSuchMethodError'{0x000000008e8417e8}: java.lang.invoke.DirectMethodHandle$Holder.invokeSpecialIFC(Ljava/lang/Object;Ljava/lang/Object;I)I> (0x000000008e8417e8) thrown at [t:/workspace/open/src/hotspot/share/interpreter/linkResolv
Event: 1.625 Thread 0x000002240f7e8800 Exception <a 'java/lang/NoSuchMethodError'{0x000000008e6de270}: java.lang.invoke.DirectMethodHandle$Holder.invokeStatic(Ljava/lang/Object;ILjava/lang/Object;Ljava/lang/Object;Ljava/lang/Object;Ljava/lang/Object;)Ljava/lang/Object;> (0x000000008e6de270) th
Event: 1.626 Thread 0x000002240f7e8800 Exception <a 'java/lang/NoSuchMethodError'{0x000000008e6e5330}: java.lang.invoke.DirectMethodHandle$Holder.invokeStatic(Ljava/lang/Object;ILjava/lang/Object;Ljava/lang/Object;Ljava/lang/Object;)Ljava/lang/Object;> (0x000000008e6e5330) thrown at [t:/worksp
Event: 1.626 Thread 0x000002240f7e8800 Exception <a 'java/lang/NoSuchMethodError'{0x000000008e6e8e70}: java.lang.invoke.DirectMethodHandle$Holder.invokeSpecial(Ljava/lang/Object;Ljava/lang/Object;ILjava/lang/Object;Ljava/lang/Object;Ljava/lang/Object;)Ljava/lang/Object;> (0x000000008e6e8e70) t
Event: 1.687 Thread 0x000002240f7e8800 Exception <a 'java/lang/ClassNotFoundException'{0x000000008e5b37a0}: com/sun/swing/internal/plaf/metal/resources/spi/metalProvider> (0x000000008e5b37a0) thrown at [t:/workspace/open/src/hotspot/share/classfile/systemDictionary.cpp, line 231]
Event: 1.689 Thread 0x000002240f7e8800 Exception <a 'java/lang/ClassNotFoundException'{0x000000008e5b7b08}: com/sun/swing/internal/plaf/basic/resources/spi/basicProvider> (0x000000008e5b7b08) thrown at [t:/workspace/open/src/hotspot/share/classfile/systemDictionary.cpp, line 231]
Event: 1.897 Thread 0x000002240f7e8800 Exception <a 'java/lang/NoSuchMethodError'{0x000000008f01a040}: java.lang.invoke.DirectMethodHandle$Holder.invokeStatic(Ljava/lang/Object;IIII)Ljava/lang/Object;> (0x000000008f01a040) thrown at [t:/workspace/open/src/hotspot/share/interpreter/linkResolver
Event: 1.897 Thread 0x000002240f7e8800 Exception <a 'java/lang/NoSuchMethodError'{0x000000008f01d400}: java.lang.invoke.DirectMethodHandle$Holder.invokeStaticInit(Ljava/lang/Object;IIII)Ljava/lang/Object;> (0x000000008f01d400) thrown at [t:/workspace/open/src/hotspot/share/interpreter/linkReso

Events (10 events):
Event: 2.151 loading class sun/nio/fs/WindowsDirectoryStream$WindowsDirectoryIterator
Event: 2.151 loading class sun/nio/fs/WindowsDirectoryStream$WindowsDirectoryIterator done
Event: 2.154 loading class sun/nio/fs/WindowsPath$WindowsPathWithAttributes
Event: 2.155 loading class sun/nio/fs/BasicFileAttributesHolder
Event: 2.155 loading class sun/nio/fs/BasicFileAttributesHolder done
Event: 2.155 loading class sun/nio/fs/WindowsPath$WindowsPathWithAttributes done
Event: 2.198 loading class gnu/io/SerialPortEvent
Event: 2.198 loading class gnu/io/SerialPortEvent done
Event: 2.198 Executing VM operation: RevokeBias
Event: 2.198 Executing VM operation: RevokeBias done


Dynamic libraries:
0x00007ff6c6590000 - 0x00007ff6c65d5000 	C:\Program Files\Java\jdk-11.0.2\bin\java.exe
0x00007ffa043f0000 - 0x00007ffa045cb000 	C:\Windows\SYSTEM32\ntdll.dll
0x00007ffa02090000 - 0x00007ffa0213e000 	C:\Windows\System32\KERNEL32.DLL
0x00007ffa01180000 - 0x00007ffa013ca000 	C:\Windows\System32\KERNELBASE.dll
0x00007ffa03740000 - 0x00007ffa0388a000 	C:\Windows\System32\USER32.dll
0x00007ffa013d0000 - 0x00007ffa013ee000 	C:\Windows\System32\win32u.dll
0x00007ffa03890000 - 0x00007ffa038b7000 	C:\Windows\System32\GDI32.dll
0x00007ffa01760000 - 0x00007ffa018e8000 	C:\Windows\System32\gdi32full.dll
0x00007ffa016c0000 - 0x00007ffa0175a000 	C:\Windows\System32\msvcp_win.dll
0x00007ffa01080000 - 0x00007ffa01176000 	C:\Windows\System32\ucrtbase.dll
0x00007ff9ee930000 - 0x00007ff9eeb97000 	C:\Windows\WinSxS\amd64_microsoft.windows.common-controls_6595b64144ccf1df_6.0.15063.1155_none_40c7922129a7722b\COMCTL32.dll
0x00007ffa04350000 - 0x00007ffa043ed000 	C:\Windows\System32\msvcrt.dll
0x00007ffa01ca0000 - 0x00007ffa01f99000 	C:\Windows\System32\combase.dll
0x00007ffa04220000 - 0x00007ffa04345000 	C:\Windows\System32\RPCRT4.dll
0x00007ffa00910000 - 0x00007ffa0097a000 	C:\Windows\System32\bcryptPrimitives.dll
0x00007ffa03ed0000 - 0x00007ffa03efd000 	C:\Windows\System32\IMM32.DLL
0x00007ff9f4770000 - 0x00007ff9f4786000 	C:\Program Files\Java\jdk-11.0.2\bin\vcruntime140.dll
0x00007ff9d4730000 - 0x00007ff9d47da000 	C:\Program Files\Java\jdk-11.0.2\bin\msvcp140.dll
0x00007ff9bb860000 - 0x00007ff9bc383000 	C:\Program Files\Java\jdk-11.0.2\bin\server\jvm.dll
0x00007ffa04000000 - 0x00007ffa040a1000 	C:\Windows\System32\ADVAPI32.dll
0x00007ffa03e70000 - 0x00007ffa03ec9000 	C:\Windows\System32\sechost.dll
0x00007ffa02290000 - 0x00007ffa02298000 	C:\Windows\System32\PSAPI.DLL
0x00007ff9feb10000 - 0x00007ff9feb19000 	C:\Windows\SYSTEM32\WSOCK32.dll
0x00007ff9ffb10000 - 0x00007ff9ffb1a000 	C:\Windows\SYSTEM32\VERSION.dll
0x00007ff9f7d80000 - 0x00007ff9f7da3000 	C:\Windows\SYSTEM32\WINMM.dll
0x00007ffa01fa0000 - 0x00007ffa0200c000 	C:\Windows\System32\WS2_32.dll
0x00007ff9f7d50000 - 0x00007ff9f7d7b000 	C:\Windows\SYSTEM32\WINMMBASE.dll
0x00007ffa015c0000 - 0x00007ffa01609000 	C:\Windows\System32\cfgmgr32.dll
0x00007ffa008f0000 - 0x00007ffa00901000 	C:\Windows\System32\kernel.appcore.dll
0x00007ff9f1620000 - 0x00007ff9f1631000 	C:\Program Files\Java\jdk-11.0.2\bin\verify.dll
0x00007ff9e8b00000 - 0x00007ff9e8ca9000 	C:\Windows\SYSTEM32\DBGHELP.DLL
0x00007ff9e9550000 - 0x00007ff9e9579000 	C:\Windows\SYSTEM32\dbgcore.DLL
0x00007ff9e1f70000 - 0x00007ff9e1f98000 	C:\Program Files\Java\jdk-11.0.2\bin\java.dll
0x00007ff9e6650000 - 0x00007ff9e6666000 	C:\Program Files\Java\jdk-11.0.2\bin\zip.dll
0x00007ff9fd290000 - 0x00007ff9fd29a000 	C:\Program Files\Java\jdk-11.0.2\bin\jimage.dll
0x00007ffa02300000 - 0x00007ffa03738000 	C:\Windows\System32\SHELL32.dll
0x00007ffa040b0000 - 0x00007ffa0415a000 	C:\Windows\System32\shcore.dll
0x00007ffa00980000 - 0x00007ffa01071000 	C:\Windows\System32\windows.storage.dll
0x00007ffa022a0000 - 0x00007ffa022f1000 	C:\Windows\System32\shlwapi.dll
0x00007ffa00860000 - 0x00007ffa008ac000 	C:\Windows\System32\powrprof.dll
0x00007ffa008b0000 - 0x00007ffa008c5000 	C:\Windows\System32\profapi.dll
0x00007ff9dafe0000 - 0x00007ff9daff9000 	C:\Program Files\Java\jdk-11.0.2\bin\net.dll
0x00007ff9f73b0000 - 0x00007ff9f7577000 	C:\Windows\SYSTEM32\urlmon.dll
0x00007ff9fcaa0000 - 0x00007ff9fcb76000 	C:\Windows\SYSTEM32\WINHTTP.dll
0x00007ff9f70d0000 - 0x00007ff9f7365000 	C:\Windows\SYSTEM32\iertutil.dll
0x00007ffa00330000 - 0x00007ffa0033b000 	C:\Windows\SYSTEM32\CRYPTBASE.DLL
0x00007ffa00170000 - 0x00007ffa001cc000 	C:\Windows\system32\mswsock.dll
0x00007ff9d6640000 - 0x00007ff9d6653000 	C:\Program Files\Java\jdk-11.0.2\bin\nio.dll
0x00007ff9c6730000 - 0x00007ff9c68ce000 	C:\Program Files\Java\jdk-11.0.2\bin\awt.dll
0x00007ffa03f40000 - 0x00007ffa04000000 	C:\Windows\System32\OLEAUT32.dll
0x00007ff9fd740000 - 0x00007ff9fdce4000 	C:\Windows\SYSTEM32\d2d1.dll
0x00007ffa013f0000 - 0x00007ffa015b9000 	C:\Windows\System32\CRYPT32.dll
0x00007ffa008d0000 - 0x00007ffa008e1000 	C:\Windows\System32\MSASN1.dll
0x00007ff9fecb0000 - 0x00007ff9fed2e000 	C:\Windows\SYSTEM32\apphelp.dll
0x00007ff9fef20000 - 0x00007ff9fefb5000 	C:\Windows\system32\uxtheme.dll
0x00007ffa03d00000 - 0x00007ffa03e66000 	C:\Windows\System32\MSCTF.dll
0x00007ff9e3010000 - 0x00007ff9e30b1000 	C:\Program Files\Common Files\microsoft shared\ink\tiptsf.dll
0x00007ff9f6960000 - 0x00007ff9f698a000 	C:\Windows\system32\dwmapi.dll
0x00007ffa02140000 - 0x00007ffa02285000 	C:\Windows\System32\ole32.dll
0x00007ff9e5210000 - 0x00007ff9e5226000 	C:\Windows\system32\napinsp.dll
0x00007ff9e5230000 - 0x00007ff9e524a000 	C:\Windows\system32\pnrpnsp.dll
0x00007ff9fcf40000 - 0x00007ff9fcf58000 	C:\Windows\system32\NLAapi.dll
0x00007ff9fff50000 - 0x00007ff9ffff4000 	C:\Windows\SYSTEM32\DNSAPI.dll
0x00007ffa03f20000 - 0x00007ffa03f28000 	C:\Windows\System32\NSI.dll
0x00007ff9fff10000 - 0x00007ff9fff47000 	C:\Windows\SYSTEM32\IPHLPAPI.DLL
0x00007ff9e5250000 - 0x00007ff9e525e000 	C:\Windows\System32\winrnr.dll
0x00007ff9fab00000 - 0x00007ff9fab15000 	C:\Windows\System32\wshbth.dll
0x000000006eaf0000 - 0x000000006eb25000 	C:\Program Files\Bonjour\mdnsNSP.dll
0x00007ff9f4f00000 - 0x00007ff9f4f0a000 	C:\Windows\System32\rasadhlp.dll
0x00007ff9fc1c0000 - 0x00007ff9fc22b000 	C:\Windows\System32\fwpuclnt.dll
0x00007ffa00420000 - 0x00007ffa00445000 	C:\Windows\SYSTEM32\bcrypt.dll
0x0000000180000000 - 0x0000000180025000 	C:\Program Files\Java\jdk-11.0.2\bin\rxtxSerial.dll
0x00007ff9da1c0000 - 0x00007ff9da2e1000 	C:\Windows\system32\opengl32.dll
0x00007ff9da680000 - 0x00007ff9da6ac000 	C:\Windows\SYSTEM32\GLU32.dll
0x00007ffa00310000 - 0x00007ffa00327000 	C:\Windows\SYSTEM32\CRYPTSP.dll
0x00007ff9ffd90000 - 0x00007ff9ffdc4000 	C:\Windows\system32\rsaenh.dll
0x00007ffa00790000 - 0x00007ffa007b9000 	C:\Windows\SYSTEM32\USERENV.dll
0x00007ff9fc400000 - 0x00007ff9fc416000 	C:\Windows\SYSTEM32\dhcpcsvc6.DLL
0x00007ff9fc230000 - 0x00007ff9fc24a000 	C:\Windows\SYSTEM32\dhcpcsvc.DLL
0x00007ff9d54a0000 - 0x00007ff9d54e2000 	C:\Users\david.dubreuil\AppData\Local\Temp\jna--1210870738\jna4180675375594312274.dll

dbghelp: loaded successfully - version: 4.0.5 - missing functions: none
symbol engine: initialized successfully - sym options: 0x614 - pdb path: .;C:\Program Files\Java\jdk-11.0.2\bin;C:\Windows\SYSTEM32;C:\Windows\WinSxS\amd64_microsoft.windows.common-controls_6595b64144ccf1df_6.0.15063.1155_none_40c7922129a7722b;C:\Program Files\Java\jdk-11.0.2\bin\server;C:\Program Files\Common Files\microsoft shared\ink;C:\Program Files\Bonjour;C:\Users\david.dubreuil\AppData\Local\Temp\jna--1210870738

VM Arguments:
java_command: .\target\rosita-jar-with-dependencies.jar
java_class_path (initial): .\target\rosita-jar-with-dependencies.jar
Launcher Type: SUN_STANDARD

[Global flags]
     intx CICompilerCount                          = 3                                         {product} {ergonomic}
     uint ConcGCThreads                            = 1                                         {product} {ergonomic}
     uint G1ConcRefinementThreads                  = 4                                         {product} {ergonomic}
   size_t G1HeapRegionSize                         = 1048576                                   {product} {ergonomic}
    uintx GCDrainStackTargetSize                   = 64                                        {product} {ergonomic}
   size_t InitialHeapSize                          = 127926272                                 {product} {ergonomic}
   size_t MarkStackSize                            = 4194304                                   {product} {ergonomic}
   size_t MaxHeapSize                              = 2021654528                                {product} {ergonomic}
   size_t MaxNewSize                               = 1212153856                                {product} {ergonomic}
   size_t MinHeapDeltaBytes                        = 1048576                                   {product} {ergonomic}
    uintx NonNMethodCodeHeapSize                   = 5830092                                {pd product} {ergonomic}
    uintx NonProfiledCodeHeapSize                  = 122914074                              {pd product} {ergonomic}
    uintx ProfiledCodeHeapSize                     = 122914074                              {pd product} {ergonomic}
    uintx ReservedCodeCacheSize                    = 251658240                              {pd product} {ergonomic}
     bool SegmentedCodeCache                       = true                                      {product} {ergonomic}
     bool UseCompressedClassPointers               = true                                 {lp64_product} {ergonomic}
     bool UseCompressedOops                        = true                                 {lp64_product} {ergonomic}
     bool UseG1GC                                  = true                                      {product} {ergonomic}
     bool UseLargePagesIndividualAllocation        = false                                  {pd product} {ergonomic}

Logging:
Log output configuration:
 #0: stdout all=warning uptime,level,tags
 #1: stderr all=off uptime,level,tags

Environment Variables:
PATH=C:\Program Files (x86)\Common Files\Intel\Shared Libraries\redist\intel64\compiler;C:\Windows\system32;C:\Windows;C:\Windows\System32\Wbem;C:\Windows\System32\WindowsPowerShell\v1.0\;C:\Program Files (x86)\Druide\Antidote 8\Programmes64\;C:\Program Files (x86)\Druide\Antidote 8\Programmes32\;C:\Program Files\PuTTY\;C:\Program Files\Java\jdk-11.0.2\bin;C:\Users\david.dubreuil\AppData\Local\Microsoft\WindowsApps;C:\Users\david.dubreuil\Documents\softs\platform-tools;C:\Windows\SysWOW64\rxtxSerial.dll;
USERNAME=david.dubreuil
OS=Windows_NT
PROCESSOR_IDENTIFIER=Intel64 Family 6 Model 69 Stepping 1, GenuineIntel



---------------  S Y S T E M  ---------------

OS: Windows 10 , 64 bit Build 15063 (10.0.15063.1058)

CPU:total 4 (initial active 4) (2 cores per cpu, 2 threads per core) family 6 model 69 stepping 1, cmov, cx8, fxsr, mmx, sse, sse2, sse3, ssse3, sse4.1, sse4.2, popcnt, avx, avx2, aes, clmul, erms, lzcnt, ht, tsc, tscinvbit, bmi1, bmi2, fma

Memory: 4k page, system-wide physical 7709M (107M free)
TotalPageFile size 16406M (AvailPageFile size 3147M)
current process WorkingSet (physical memory assigned to process): 86M, peak: 86M
current process commit charge ("private bytes"): 219M, peak: 219M

vm_info: OpenJDK 64-Bit Server VM (11.0.2+9) for windows-amd64 JRE (11.0.2+9), built on Jan 18 2019 05:23:22 by "mach5one" with MS VC++ 15.5 (VS2017)

END.
