#
# A fatal error has been detected by the Java Runtime Environment:
#
#  EXCEPTION_ACCESS_VIOLATION (0xc0000005) at pc=0x0000000180003990, pid=3196, tid=0x00000000000003bc
#
# JRE version: Java(TM) SE Runtime Environment (8.0_271-b09) (build 1.8.0_271-b09)
# Java VM: Java HotSpot(TM) 64-Bit Server VM (25.271-b09 mixed mode windows-amd64 compressed oops)
# Problematic frame:
# C  [rxtxSerial.dll+0x3990]
#
# Failed to write core dump. Minidumps are not enabled by default on client versions of Windows
#
# If you would like to submit a bug report, please visit:
#   http://bugreport.java.com/bugreport/crash.jsp
# The crash happened outside the Java Virtual Machine in native code.
# See problematic frame for where to report the bug.
#

---------------  T H R E A D  ---------------

Current thread (0x0000009278315800):  JavaThread "Thread-1" [_thread_in_native, id=956, stack(0x0000009279e20000,0x0000009279f20000)]

siginfo: ExceptionCode=0xc0000005, reading address 0x0000000079f1ed58

Registers:
RAX=0x0000000079f1ed50, RBX=0x0000000000000000, RCX=0x000000018001d4d5, RDX=0xfffffffffffff665
RSP=0x0000009279f1dfd0, RBP=0x00000000ffffffff, RSI=0x0000000000000009, RDI=0x0000000000000000
R8 =0x0000000000000002, R9 =0xfffffffffffff63c, R10=0x0000000000000030, R11=0x8101010101010100
R12=0x0000000079f1ed50, R13=0x0000000000000001, R14=0x0000000000000009, R15=0x0000000000000000
RIP=0x0000000180003990, EFLAGS=0x0000000000010206

Top of Stack: (sp=0x0000009279f1dfd0)
0x0000009279f1dfd0:   0000000000000000 0000009279f1e1a0
0x0000009279f1dfe0:   0000000000000009 0000000000000000
0x0000009279f1dff0:   0000009278315800 00000000ffffffff
0x0000009279f1e000:   0000000000000001 0000000000000000
0x0000009279f1e010:   00000092783159f8 0000000000000009
0x0000009279f1e020:   0000009279f1e1a0 000000018000535a
0x0000009279f1e030:   0000009279cb6080 0000009279f1e1a0
0x0000009279f1e040:   0000000000000001 0000009279cb6080
0x0000009279f1e050:   0000009200000009 00000000ffffffff
0x0000009279f1e060:   0000009279f1e1a8 0000000000000000
0x0000009279f1e070:   0000009278315800 0000009276a08780
0x0000009279f1e080:   000000927604b0b8 0000009278315800
0x0000009279f1e090:   000000927604b0b8 0000009278315800
0x0000009279f1e0a0:   0000009261b17dc0 0000dc09b81ec3c5
0x0000009279f1e0b0:   0000009279f1e1a8 000000927604b0b0
0x0000009279f1e0c0:   0000000000000000 0000009261b17dc0 

Instructions: (pc=0x0000000180003990)
0x0000000180003970:   00 44 8b fb 8b fb e8 95 fe ff ff 8b ac 24 88 00
0x0000000180003980:   00 00 44 8b b4 24 80 00 00 00 4c 63 e0 41 8b f6
0x0000000180003990:   45 8b 6c 24 08 41 89 5c 24 08 85 ed 78 09 ff 15
0x00000001800039a0:   5c 36 01 00 44 8b f8 45 85 f6 7e 4d 0f 1f 40 00 


Register to memory mapping:

RAX=0x0000000079f1ed50 is an unknown value
RBX=0x0000000000000000 is an unknown value
RCX=0x000000018001d4d5 is an unknown value
RDX=0xfffffffffffff665 is an unknown value
RSP=0x0000009279f1dfd0 is pointing into the stack for thread: 0x0000009278315800
RBP=0x00000000ffffffff is an unallocated location in the heap
RSI=0x0000000000000009 is an unknown value
RDI=0x0000000000000000 is an unknown value
R8 =0x0000000000000002 is an unknown value
R9 =0xfffffffffffff63c is an unknown value
R10=0x0000000000000030 is an unknown value
R11=0x8101010101010100 is an unknown value
R12=0x0000000079f1ed50 is an unknown value
R13=0x0000000000000001 is an unknown value
R14=0x0000000000000009 is an unknown value
R15=0x0000000000000000 is an unknown value


Stack: [0x0000009279e20000,0x0000009279f20000],  sp=0x0000009279f1dfd0,  free space=1015k
Native frames: (J=compiled Java code, j=interpreted, Vv=VM code, C=native code)
C  [rxtxSerial.dll+0x3990]
C  [rxtxSerial.dll+0x535a]
C  0x0000009261b29f4e

Java frames: (J=compiled Java code, j=interpreted, Vv=VM code)
j  gnu.io.RXTXPort.readArray([BII)I+0
j  gnu.io.RXTXPort$SerialInputStream.read([BII)I+212
j  sun.nio.cs.StreamDecoder.readBytes()I+135
j  sun.nio.cs.StreamDecoder.implRead([CII)I+112
j  sun.nio.cs.StreamDecoder.read([CII)I+180
j  java.io.InputStreamReader.read([CII)I+7
j  java.io.BufferedReader.fill()V+145
J 42 C1 java.io.BufferedReader.readLine(Z)Ljava/lang/String; (304 bytes) @ 0x0000009261c2e6f4 [0x0000009261c2e420+0x2d4]
j  java.io.BufferedReader.readLine()Ljava/lang/String;+2
j  fr.duvam.arduino.ArduinoComm.serialEvent(Lgnu/io/SerialPortEvent;)V+12
j  gnu.io.RXTXPort.sendEvent(IZ)Z+382
v  ~StubRoutines::call_stub
j  gnu.io.RXTXPort.eventLoop()V+0
j  gnu.io.RXTXPort$MonitorThread.run()V+12
v  ~StubRoutines::call_stub

---------------  P R O C E S S  ---------------

Java Threads: ( => current thread )
  0x00000092769d2000 JavaThread "media-player-events" daemon [_thread_in_native, id=3140, stack(0x0000009200f10000,0x0000009201010000)]
  0x00000092769cb000 JavaThread "media-player-events" daemon [_thread_in_native, id=2880, stack(0x0000009201610000,0x0000009201710000)]
  0x00000092769cc800 JavaThread "media-events" daemon [_thread_in_native, id=4812, stack(0x0000009200200000,0x0000009200300000)]
  0x00000092769cc000 JavaThread "pool-2-thread-1" [_thread_blocked, id=2724, stack(0x00000092028f0000,0x00000092029f0000)]
  0x0000009279b33000 JavaThread "Thread-7" daemon [_thread_blocked, id=2548, stack(0x000000927c080000,0x000000927c180000)]
  0x0000009279af9000 JavaThread "Thread-6" daemon [_thread_blocked, id=4876, stack(0x000000927be80000,0x000000927bf80000)]
  0x0000009278344000 JavaThread "Java Sound MidiInDevice Thread" [_thread_in_native, id=2780, stack(0x000000927a390000,0x000000927a490000)]
=>0x0000009278315800 JavaThread "Thread-1" [_thread_in_native, id=956, stack(0x0000009279e20000,0x0000009279f20000)]
  0x0000009260124800 JavaThread "DestroyJavaVM" [_thread_blocked, id=3788, stack(0x0000009261a00000,0x0000009261b00000)]
  0x000000927825e800 JavaThread "AWT-EventQueue-0" [_thread_blocked, id=2940, stack(0x0000009278790000,0x0000009278890000)]
  0x0000009278253800 JavaThread "AWT-Windows" daemon [_thread_in_native, id=4248, stack(0x0000009278650000,0x0000009278750000)]
  0x00000092782ad000 JavaThread "AWT-Shutdown" [_thread_blocked, id=740, stack(0x0000009278550000,0x0000009278650000)]
  0x00000092782ac800 JavaThread "Java2D Disposer" daemon [_thread_blocked, id=2700, stack(0x0000009278450000,0x0000009278550000)]
  0x0000009276a47000 JavaThread "Service Thread" daemon [_thread_blocked, id=476, stack(0x0000009277d60000,0x0000009277e60000)]
  0x00000092769cd800 JavaThread "C1 CompilerThread2" daemon [_thread_blocked, id=3456, stack(0x0000009277c60000,0x0000009277d60000)]
  0x00000092769ca000 JavaThread "C2 CompilerThread1" daemon [_thread_blocked, id=4956, stack(0x0000009277b60000,0x0000009277c60000)]
  0x00000092769b0800 JavaThread "C2 CompilerThread0" daemon [_thread_blocked, id=3720, stack(0x0000009277a60000,0x0000009277b60000)]
  0x00000092769af800 JavaThread "Attach Listener" daemon [_thread_blocked, id=2984, stack(0x0000009277960000,0x0000009277a60000)]
  0x00000092769b8000 JavaThread "Signal Dispatcher" daemon [_thread_blocked, id=1156, stack(0x0000009277860000,0x0000009277960000)]
  0x000000927699c000 JavaThread "Finalizer" daemon [_thread_blocked, id=4768, stack(0x0000009277670000,0x0000009277770000)]
  0x0000009276269000 JavaThread "Reference Handler" daemon [_thread_blocked, id=3332, stack(0x0000009277570000,0x0000009277670000)]

Other Threads:
  0x0000009276974800 VMThread [stack: 0x0000009277470000,0x0000009277570000] [id=4680]
  0x0000009276a71800 WatcherThread [stack: 0x0000009277e60000,0x0000009277f60000] [id=3328]

VM state:not at safepoint (normal execution)

VM Mutex/Monitor currently owned by a thread: None

heap address: 0x0000000087800000, size: 1928 MB, Compressed Oops mode: 32-bit
Narrow klass base: 0x0000000000000000, Narrow klass shift: 3
Compressed class space size: 1073741824 Address: 0x0000000100000000

Heap:
 PSYoungGen      total 36352K, used 35099K [0x00000000d7d80000, 0x00000000da600000, 0x0000000100000000)
  eden space 31232K, 96% used [0x00000000d7d80000,0x00000000d9aca3c8,0x00000000d9c00000)
  from space 5120K, 99% used [0x00000000d9c00000,0x00000000da0fcab0,0x00000000da100000)
  to   space 5120K, 0% used [0x00000000da100000,0x00000000da100000,0x00000000da600000)
 ParOldGen       total 83456K, used 6135K [0x0000000087800000, 0x000000008c980000, 0x00000000d7d80000)
  object space 83456K, 7% used [0x0000000087800000,0x0000000087dfdd98,0x000000008c980000)
 Metaspace       used 15264K, capacity 15588K, committed 15616K, reserved 1062912K
  class space    used 1937K, capacity 2047K, committed 2048K, reserved 1048576K

Card table byte_map: [0x0000009270ed0000,0x00000092712a0000] byte_map_base: 0x0000009270a94000

Marking Bits: (ParMarkBitMap*) 0x0000000053e37fe0
 Begin Bits: [0x0000009271930000, 0x0000009273750000)
 End Bits:   [0x0000009273750000, 0x0000009275570000)

Polling page: 0x00000092602b0000

CodeCache: size=245760Kb used=4551Kb max_used=4551Kb free=241208Kb
 bounds [0x0000009261b10000, 0x0000009261f90000, 0x0000009270b10000]
 total_blobs=1813 nmethods=1291 adapters=434
 compilation: enabled

Compilation events (10 events):
Event: 24.978 Thread 0x00000092769cd800 1286       3       java.util.LinkedList::isPositionIndex (18 bytes)
Event: 24.979 Thread 0x00000092769cd800 nmethod 1286 0x0000009261f71390 code [0x0000009261f714e0, 0x0000009261f716d8]
Event: 25.277 Thread 0x00000092769cd800 1287       3       java.util.LinkedList::listIterator (15 bytes)
Event: 25.278 Thread 0x00000092769cd800 nmethod 1287 0x0000009261f83c50 code [0x0000009261f83e00, 0x0000009261f84290]
Event: 25.278 Thread 0x00000092769cd800 1288       3       java.util.LinkedList$ListItr::<init> (47 bytes)
Event: 25.279 Thread 0x00000092769cd800 nmethod 1288 0x0000009261f84450 code [0x0000009261f845c0, 0x0000009261f84890]
Event: 25.320 Thread 0x00000092769cd800 1289       3       com.sun.jna.Pointer::getPointer (10 bytes)
Event: 25.322 Thread 0x00000092769cd800 nmethod 1289 0x0000009261f84990 code [0x0000009261f84b20, 0x0000009261f84e90]
Event: 25.322 Thread 0x00000092769cd800 1290       3       com.sun.jna.Native::getPointer (24 bytes)
Event: 25.322 Thread 0x00000092769cd800 nmethod 1290 0x0000009261f85050 code [0x0000009261f851c0, 0x0000009261f854b0]

GC Heap History (2 events):
Event: 1.439 GC heap before
{Heap before GC invocations=1 (full 0):
 PSYoungGen      total 36352K, used 30109K [0x00000000d7d80000, 0x00000000da600000, 0x0000000100000000)
  eden space 31232K, 96% used [0x00000000d7d80000,0x00000000d9ae7710,0x00000000d9c00000)
  from space 5120K, 0% used [0x00000000da100000,0x00000000da100000,0x00000000da600000)
  to   space 5120K, 0% used [0x00000000d9c00000,0x00000000d9c00000,0x00000000da100000)
 ParOldGen       total 83456K, used 0K [0x0000000087800000, 0x000000008c980000, 0x00000000d7d80000)
  object space 83456K, 0% used [0x0000000087800000,0x0000000087800000,0x000000008c980000)
 Metaspace       used 14943K, capacity 15192K, committed 15616K, reserved 1062912K
  class space    used 1908K, capacity 2013K, committed 2048K, reserved 1048576K
Event: 1.449 GC heap after
Heap after GC invocations=1 (full 0):
 PSYoungGen      total 36352K, used 5106K [0x00000000d7d80000, 0x00000000da600000, 0x0000000100000000)
  eden space 31232K, 0% used [0x00000000d7d80000,0x00000000d7d80000,0x00000000d9c00000)
  from space 5120K, 99% used [0x00000000d9c00000,0x00000000da0fcab0,0x00000000da100000)
  to   space 5120K, 0% used [0x00000000da100000,0x00000000da100000,0x00000000da600000)
 ParOldGen       total 83456K, used 6135K [0x0000000087800000, 0x000000008c980000, 0x00000000d7d80000)
  object space 83456K, 7% used [0x0000000087800000,0x0000000087dfdd98,0x000000008c980000)
 Metaspace       used 14943K, capacity 15192K, committed 15616K, reserved 1062912K
  class space    used 1908K, capacity 2013K, committed 2048K, reserved 1048576K
}

Deoptimization events (10 events):
Event: 0.901 Thread 0x000000927825e800 Uncommon trap: reason=class_check action=maybe_recompile pc=0x0000009261d5ff44 method=java.lang.Character.codePointAt(Ljava/lang/CharSequence;I)I @ 2
Event: 0.902 Thread 0x000000927825e800 Uncommon trap: reason=unstable_if action=reinterpret pc=0x0000009261dde48c method=java.util.regex.Matcher.reset()Ljava/util/regex/Matcher; @ 47
Event: 0.904 Thread 0x000000927825e800 Uncommon trap: reason=class_check action=maybe_recompile pc=0x0000009261d5ff44 method=java.lang.Character.codePointAt(Ljava/lang/CharSequence;I)I @ 2
Event: 0.904 Thread 0x000000927825e800 Uncommon trap: reason=class_check action=maybe_recompile pc=0x0000009261d5ff44 method=java.lang.Character.codePointAt(Ljava/lang/CharSequence;I)I @ 2
Event: 1.080 Thread 0x000000927825e800 Uncommon trap: reason=class_check action=maybe_recompile pc=0x0000009261d5ff44 method=java.lang.Character.codePointAt(Ljava/lang/CharSequence;I)I @ 2
Event: 1.081 Thread 0x000000927825e800 Uncommon trap: reason=class_check action=maybe_recompile pc=0x0000009261d60868 method=java.lang.Character.codePointAt(Ljava/lang/CharSequence;I)I @ 2
Event: 1.451 Thread 0x000000927699c000 Uncommon trap: reason=unstable_if action=reinterpret pc=0x0000009261e7f31c method=java.lang.ref.ReferenceQueue.poll()Ljava/lang/ref/Reference; @ 4
Event: 9.470 Thread 0x000000927994b000 Uncommon trap: reason=null_check action=make_not_entrant pc=0x0000009261f3e5f4 method=com.sun.jna.Native.getNativeSize(Ljava/lang/Class;Ljava/lang/Object;)I @ 64
Event: 9.720 Thread 0x000000927994b000 Uncommon trap: reason=null_check action=make_not_entrant pc=0x0000009261f5077c method=com.sun.jna.Native.getNativeSize(Ljava/lang/Class;)I @ 4
Event: 9.720 Thread 0x000000927994b000 Uncommon trap: reason=null_check action=make_not_entrant pc=0x0000009261f4108c method=com.sun.jna.Native.getNativeSize(Ljava/lang/Class;)I @ 4

Classes redefined (0 events):
No events

Internal exceptions (10 events):
Event: 0.475 Thread 0x000000927825e800 Exception <a 'java/io/FileNotFoundException'> (0x00000000d84dd360) thrown at [C:\jenkins\workspace\8-2-build-windows-amd64-cygwin\jdk8u271\605\hotspot\src\share\vm\prims\jni.cpp, line 710]
Event: 0.476 Thread 0x000000927825e800 Exception <a 'java/io/FileNotFoundException'> (0x00000000d84de738) thrown at [C:\jenkins\workspace\8-2-build-windows-amd64-cygwin\jdk8u271\605\hotspot\src\share\vm\prims\jni.cpp, line 710]
Event: 0.477 Thread 0x000000927825e800 Exception <a 'java/io/FileNotFoundException'> (0x00000000d84f5140) thrown at [C:\jenkins\workspace\8-2-build-windows-amd64-cygwin\jdk8u271\605\hotspot\src\share\vm\prims\jni.cpp, line 710]
Event: 0.477 Thread 0x000000927825e800 Exception <a 'java/io/FileNotFoundException'> (0x00000000d84f6358) thrown at [C:\jenkins\workspace\8-2-build-windows-amd64-cygwin\jdk8u271\605\hotspot\src\share\vm\prims\jni.cpp, line 710]
Event: 0.690 Thread 0x000000927825e800 Exception <a 'java/io/FileNotFoundException'> (0x00000000d87eb5b8) thrown at [C:\jenkins\workspace\8-2-build-windows-amd64-cygwin\jdk8u271\605\hotspot\src\share\vm\prims\jni.cpp, line 710]
Event: 0.899 Thread 0x000000927825e800 Exception <a 'java/lang/UnsatisfiedLinkError': The specified procedure could not be found.
> (0x00000000d8d13818) thrown at [C:\jenkins\workspace\8-2-build-windows-amd64-cygwin\jdk8u271\605\hotspot\src\share\vm\prims\jni.cpp, line 737]
Event: 1.392 Thread 0x000000927825e800 Exception <a 'java/lang/UnsatisfiedLinkError': The specified procedure could not be found.
> (0x00000000d9751720) thrown at [C:\jenkins\workspace\8-2-build-windows-amd64-cygwin\jdk8u271\605\hotspot\src\share\vm\prims\jni.cpp, line 737]
Event: 1.402 Thread 0x000000927825e800 Exception <a 'java/lang/UnsatisfiedLinkError': The specified procedure could not be found.
> (0x00000000d97a0898) thrown at [C:\jenkins\workspace\8-2-build-windows-amd64-cygwin\jdk8u271\605\hotspot\src\share\vm\prims\jni.cpp, line 737]
Event: 1.404 Thread 0x000000927825e800 Exception <a 'java/lang/UnsatisfiedLinkError': The specified procedure could not be found.
> (0x00000000d97a1de0) thrown at [C:\jenkins\workspace\8-2-build-windows-amd64-cygwin\jdk8u271\605\hotspot\src\share\vm\prims\jni.cpp, line 737]
Event: 1.406 Thread 0x000000927825e800 Exception <a 'java/lang/UnsatisfiedLinkError': The specified procedure could not be found.
> (0x00000000d97a7fd0) thrown at [C:\jenkins\workspace\8-2-build-windows-amd64-cygwin\jdk8u271\605\hotspot\src\share\vm\prims\jni.cpp, line 737]

Events (10 events):
Event: 21.758 Thread 0x00000092769cb000 Thread exited: 0x00000092769cb000
Event: 21.758 Thread 0x00000092769cc800 Thread added: 0x00000092769cc800
Event: 21.791 Thread 0x00000092769cb000 Thread added: 0x00000092769cb000
Event: 21.791 Thread 0x00000092769cb000 Thread exited: 0x00000092769cb000
Event: 21.791 Thread 0x00000092769cb000 Thread added: 0x00000092769cb000
Event: 21.841 Thread 0x00000092769d0800 Thread added: 0x00000092769d0800
Event: 21.841 Thread 0x00000092769d0800 Thread exited: 0x00000092769d0800
Event: 21.841 Thread 0x00000092769d2000 Thread added: 0x00000092769d2000
Event: 25.457 loading class gnu/io/SerialPortEvent
Event: 25.457 loading class gnu/io/SerialPortEvent done


Dynamic libraries:
0x00007ff7868f0000 - 0x00007ff786937000 	C:\Program Files (x86)\Common Files\Oracle\Java\javapath\java.exe
0x00007ffbf6490000 - 0x00007ffbf663d000 	C:\Windows\SYSTEM32\ntdll.dll
0x00007ffbf6040000 - 0x00007ffbf617f000 	C:\Windows\system32\KERNEL32.DLL
0x00007ffbf39a0000 - 0x00007ffbf3ab5000 	C:\Windows\system32\KERNELBASE.dll
0x00007ffbf16c0000 - 0x00007ffbf174e000 	C:\Windows\system32\apphelp.dll
0x00007ffbf0ec0000 - 0x00007ffbf0f15000 	C:\Windows\AppPatch\AppPatch64\AcGenral.DLL
0x00007ffbf50f0000 - 0x00007ffbf519a000 	C:\Windows\system32\msvcrt.dll
0x00007ffbf3970000 - 0x00007ffbf399e000 	C:\Windows\system32\SspiCli.dll
0x00007ffbf5780000 - 0x00007ffbf57d4000 	C:\Windows\system32\SHLWAPI.dll
0x00007ffbf5810000 - 0x00007ffbf5987000 	C:\Windows\system32\USER32.dll
0x00007ffbf5ea0000 - 0x00007ffbf6035000 	C:\Windows\system32\ole32.dll
0x00007ffbf3b10000 - 0x00007ffbf503e000 	C:\Windows\system32\SHELL32.dll
0x00007ffbf2b70000 - 0x00007ffbf2b91000 	C:\Windows\SYSTEM32\USERENV.dll
0x00007ffbf5040000 - 0x00007ffbf50ea000 	C:\Windows\system32\ADVAPI32.dll
0x00007ffbf10b0000 - 0x00007ffbf10ce000 	C:\Windows\SYSTEM32\MPR.dll
0x00007ffbf5990000 - 0x00007ffbf5ad0000 	C:\Windows\system32\RPCRT4.dll
0x00007ffbf5de0000 - 0x00007ffbf5e38000 	C:\Windows\SYSTEM32\sechost.dll
0x00007ffbf5260000 - 0x00007ffbf5471000 	C:\Windows\SYSTEM32\combase.dll
0x00007ffbf5c90000 - 0x00007ffbf5ddd000 	C:\Windows\system32\GDI32.dll
0x00007ffbf35b0000 - 0x00007ffbf35c5000 	C:\Windows\SYSTEM32\profapi.dll
0x00007ffbeeb80000 - 0x00007ffbeec32000 	C:\Windows\SYSTEM32\SHCORE.dll
0x00007ffbf6440000 - 0x00007ffbf6476000 	C:\Windows\system32\IMM32.DLL
0x00007ffbf5480000 - 0x00007ffbf55d1000 	C:\Windows\system32\MSCTF.dll
0x00007ffbee390000 - 0x00007ffbee60b000 	C:\Windows\WinSxS\amd64_microsoft.windows.common-controls_6595b64144ccf1df_6.0.9600.19394_none_62486577ecb635cf\COMCTL32.dll
0x00007ffbf1670000 - 0x00007ffbf1685000 	C:\Program Files\Java\jre1.8.0_271\bin\vcruntime140.dll
0x00007ffbea4d0000 - 0x00007ffbea4d4000 	C:\Windows\SYSTEM32\api-ms-win-crt-runtime-l1-1-0.dll
0x00007ffbea4c0000 - 0x00007ffbea4c3000 	C:\Windows\SYSTEM32\api-ms-win-crt-heap-l1-1-0.dll
0x00007ffbec8d0000 - 0x00007ffbec8d4000 	C:\Windows\SYSTEM32\api-ms-win-crt-string-l1-1-0.dll
0x00007ffbea4b0000 - 0x00007ffbea4b4000 	C:\Windows\SYSTEM32\api-ms-win-crt-stdio-l1-1-0.dll
0x00007ffbe9b70000 - 0x00007ffbe9b74000 	C:\Windows\SYSTEM32\api-ms-win-crt-convert-l1-1-0.dll
0x00007ffbe2cf0000 - 0x00007ffbe2de4000 	C:\Windows\SYSTEM32\ucrtbase.DLL
0x00007ffbe8cc0000 - 0x00007ffbe8d5b000 	C:\Program Files\Java\jre1.8.0_271\bin\msvcp140.dll
0x00007ffbea3c0000 - 0x00007ffbea3c3000 	C:\Windows\SYSTEM32\api-ms-win-crt-locale-l1-1-0.dll
0x00007ffbea660000 - 0x00007ffbea665000 	C:\Windows\SYSTEM32\api-ms-win-crt-math-l1-1-0.dll
0x00007ffbe9b30000 - 0x00007ffbe9b33000 	C:\Windows\SYSTEM32\api-ms-win-crt-filesystem-l1-1-0.dll
0x00007ffbe92b0000 - 0x00007ffbe92b3000 	C:\Windows\SYSTEM32\api-ms-win-crt-time-l1-1-0.dll
0x00007ffbe94f0000 - 0x00007ffbe94f3000 	C:\Windows\SYSTEM32\api-ms-win-crt-environment-l1-1-0.dll
0x00007ffbe9ad0000 - 0x00007ffbe9ad3000 	C:\Windows\SYSTEM32\api-ms-win-crt-utility-l1-1-0.dll
0x0000000053640000 - 0x0000000053eaf000 	C:\Program Files\Java\jre1.8.0_271\bin\server\jvm.dll
0x00007ffbe7e60000 - 0x00007ffbe7e69000 	C:\Windows\SYSTEM32\WSOCK32.dll
0x00007ffbeec70000 - 0x00007ffbeec92000 	C:\Windows\SYSTEM32\WINMM.dll
0x00007ffbea170000 - 0x00007ffbea17a000 	C:\Windows\SYSTEM32\VERSION.dll
0x00007ffbf56a0000 - 0x00007ffbf56a7000 	C:\Windows\system32\PSAPI.DLL
0x00007ffbf5e40000 - 0x00007ffbf5e9a000 	C:\Windows\system32\WS2_32.dll
0x00007ffbeec40000 - 0x00007ffbeec6a000 	C:\Windows\SYSTEM32\WINMMBASE.dll
0x00007ffbf6180000 - 0x00007ffbf6189000 	C:\Windows\system32\NSI.dll
0x00007ffbf3ac0000 - 0x00007ffbf3b0f000 	C:\Windows\SYSTEM32\cfgmgr32.dll
0x00007ffbf23f0000 - 0x00007ffbf2418000 	C:\Windows\SYSTEM32\DEVOBJ.dll
0x00007ffbf0eb0000 - 0x00007ffbf0ec0000 	C:\Program Files\Java\jre1.8.0_271\bin\verify.dll
0x00007ffbed7a0000 - 0x00007ffbed7cb000 	C:\Program Files\Java\jre1.8.0_271\bin\java.dll
0x00007ffbea4e0000 - 0x00007ffbea4f8000 	C:\Program Files\Java\jre1.8.0_271\bin\zip.dll
0x00007ffbd2a70000 - 0x00007ffbd2c04000 	C:\Program Files\Java\jre1.8.0_271\bin\awt.dll
0x00007ffbf6190000 - 0x00007ffbf6257000 	C:\Windows\system32\OLEAUT32.dll
0x00007ffbf2220000 - 0x00007ffbf2349000 	C:\Windows\system32\uxtheme.dll
0x00007ffbed800000 - 0x00007ffbed8ab000 	C:\Program Files\Common Files\microsoft shared\ink\tiptsf.dll
0x00007ffbee980000 - 0x00007ffbee9a1000 	C:\Windows\system32\dwmapi.dll
0x00007ffbf2420000 - 0x00007ffbf242b000 	C:\Windows\SYSTEM32\kernel.appcore.dll
0x00007ffbf3480000 - 0x00007ffbf348b000 	C:\Windows\SYSTEM32\CRYPTBASE.dll
0x00007ffbf3410000 - 0x00007ffbf3473000 	C:\Windows\SYSTEM32\bcryptPrimitives.dll
0x00007ffbe8ca0000 - 0x00007ffbe8cbc000 	C:\Program Files\Java\jre1.8.0_271\bin\net.dll
0x00007ffbf2f40000 - 0x00007ffbf2f99000 	C:\Windows\system32\mswsock.dll
0x00007ffbd38d0000 - 0x00007ffbd38e5000 	C:\Windows\system32\napinsp.dll
0x00007ffbd38b0000 - 0x00007ffbd38ca000 	C:\Windows\system32\pnrpnsp.dll
0x00007ffbf1e00000 - 0x00007ffbf1e1b000 	C:\Windows\system32\NLAapi.dll
0x00007ffbf2ba0000 - 0x00007ffbf2c44000 	C:\Windows\SYSTEM32\DNSAPI.dll
0x00007ffbd38a0000 - 0x00007ffbd38ad000 	C:\Windows\System32\winrnr.dll
0x00007ffbd3880000 - 0x00007ffbd3894000 	C:\Windows\system32\wshbth.dll
0x00007ffbeb660000 - 0x00007ffbeb66a000 	C:\Windows\System32\rasadhlp.dll
0x00007ffbf0b00000 - 0x00007ffbf0b2a000 	C:\Windows\SYSTEM32\IPHLPAPI.DLL
0x00007ffbf0af0000 - 0x00007ffbf0afa000 	C:\Windows\SYSTEM32\WINNSI.DLL
0x00007ffbee300000 - 0x00007ffbee36b000 	C:\Windows\System32\fwpuclnt.dll
0x0000000180000000 - 0x0000000180025000 	C:\Program Files\Java\jre1.8.0_271\bin\rxtxSerial.dll
0x00007ffbeddd0000 - 0x00007ffbedddd000 	C:\Program Files\Java\jre1.8.0_271\bin\jsound.dll
0x00007ffbedcc0000 - 0x00007ffbedccd000 	C:\Program Files\Java\jre1.8.0_271\bin\jsoundds.dll
0x00007ffbe8c00000 - 0x00007ffbe8c9d000 	C:\Windows\SYSTEM32\DSOUND.dll
0x00007ffbf3550000 - 0x00007ffbf3596000 	C:\Windows\SYSTEM32\POWRPROF.dll
0x00007ffbf1110000 - 0x00007ffbf1180000 	C:\Windows\SYSTEM32\MMDevAPI.DLL
0x00007ffbf0160000 - 0x00007ffbf019e000 	C:\Windows\SYSTEM32\wdmaud.drv
0x00007ffbf0b30000 - 0x00007ffbf0b38000 	C:\Windows\SYSTEM32\ksuser.dll
0x00007ffbf1180000 - 0x00007ffbf118c000 	C:\Windows\SYSTEM32\AVRT.dll
0x00007ffbe2b50000 - 0x00007ffbe2bce000 	C:\Windows\SYSTEM32\AUDIOSES.DLL
0x00007ffbf0360000 - 0x00007ffbf036b000 	C:\Windows\SYSTEM32\msacm32.drv
0x00007ffbf0120000 - 0x00007ffbf013c000 	C:\Windows\SYSTEM32\MSACM32.dll
0x00007ffbf0110000 - 0x00007ffbf011a000 	C:\Windows\SYSTEM32\midimap.dll
0x00007ffbe8be0000 - 0x00007ffbe8bf3000 	C:\Program Files\Java\jre1.8.0_271\bin\nio.dll
0x00007ffbe87a0000 - 0x00007ffbe88cb000 	C:\Windows\system32\opengl32.dll
0x00007ffbed7d0000 - 0x00007ffbed7fe000 	C:\Windows\SYSTEM32\GLU32.dll
0x00007ffbe8040000 - 0x00007ffbe8138000 	C:\Windows\SYSTEM32\DDRAW.dll
0x00007ffbedde0000 - 0x00007ffbedde9000 	C:\Windows\SYSTEM32\DCIMAN32.dll
0x00007ffbf2fa0000 - 0x00007ffbf2fc0000 	C:\Windows\SYSTEM32\CRYPTSP.dll
0x00007ffbf29f0000 - 0x00007ffbf2a26000 	C:\Windows\system32\rsaenh.dll
0x00007ffbf30f0000 - 0x00007ffbf3116000 	C:\Windows\SYSTEM32\bcrypt.dll
0x00007ffbee1d0000 - 0x00007ffbee1e6000 	C:\Windows\SYSTEM32\dhcpcsvc6.DLL
0x00007ffbef940000 - 0x00007ffbef95a000 	C:\Windows\SYSTEM32\dhcpcsvc.DLL
0x00007ffbe2660000 - 0x00007ffbe26a2000 	C:\Users\toto\AppData\Local\Temp\jna-3566134\jna5683604332013387581.dll
0x00007ffbe6fb0000 - 0x00007ffbe6fe4000 	C:\Program Files\VideoLAN\VLC\libvlc.dll
0x00007ffbc93f0000 - 0x00007ffbc96a4000 	C:\Program Files\VideoLAN\VLC\libvlccore.dll
0x00007ffbe8580000 - 0x00007ffbe8598000 	C:\Program Files\VideoLAN\VLC\plugins\logger\libfile_logger_plugin.dll
0x00007ffbe7d50000 - 0x00007ffbe7d67000 	C:\Program Files\VideoLAN\VLC\plugins\logger\libconsole_logger_plugin.dll
0x00007ffbe0730000 - 0x00007ffbe0741000 	C:\Program Files\VideoLAN\VLC\plugins\keystore\libmemory_keystore_plugin.dll
0x00007ffbdcfc0000 - 0x00007ffbdcfd7000 	C:\Program Files\VideoLAN\VLC\plugins\audio_output\libmmdevice_plugin.dll
0x00007ffbf51a0000 - 0x00007ffbf5256000 	C:\Windows\SYSTEM32\clbcatq.dll
0x00007ffbd3810000 - 0x00007ffbd3859000 	C:\Program Files\Java\jre1.8.0_271\bin\fontmanager.dll
0x00007ffbefe90000 - 0x00007ffbefefa000 	C:\Windows\SYSTEM32\oleacc.dll
0x00007ffbed790000 - 0x00007ffbed797000 	C:\Program Files\Java\jre1.8.0_271\bin\jawt.dll
0x00007ffbc86e0000 - 0x00007ffbc88e5000 	C:\Program Files\VideoLAN\VLC\plugins\access\liblibbluray_plugin.dll
0x00007ffbd37c0000 - 0x00007ffbd3801000 	C:\Program Files\VideoLAN\VLC\plugins\access\libdvdnav_plugin.dll
0x00007ffbdc4d0000 - 0x00007ffbdc4f1000 	C:\Program Files\VideoLAN\VLC\plugins\access\libvdr_plugin.dll
0x00007ffbdce10000 - 0x00007ffbdce28000 	C:\Program Files\VideoLAN\VLC\plugins\access\libfilesystem_plugin.dll
0x00007ffbdbdd0000 - 0x00007ffbdbde1000 	C:\Program Files\VideoLAN\VLC\plugins\stream_filter\libprefetch_plugin.dll
0x00007ffbdbdb0000 - 0x00007ffbdbdc1000 	C:\Program Files\VideoLAN\VLC\plugins\stream_filter\libcache_read_plugin.dll
0x00007ffbd37a0000 - 0x00007ffbd37b1000 	C:\Program Files\VideoLAN\VLC\plugins\stream_filter\libskiptags_plugin.dll
0x00007ffbd2a50000 - 0x00007ffbd2a68000 	C:\Program Files\VideoLAN\VLC\plugins\stream_filter\libinflate_plugin.dll
0x00007ffbd2a30000 - 0x00007ffbd2a4b000 	C:\Program Files\VideoLAN\VLC\plugins\stream_filter\libhds_plugin.dll
0x00007ffbd2a10000 - 0x00007ffbd2a21000 	C:\Program Files\VideoLAN\VLC\plugins\stream_filter\libadf_plugin.dll
0x00007ffbd29e0000 - 0x00007ffbd2a10000 	C:\Program Files\VideoLAN\VLC\plugins\demux\libplaylist_plugin.dll
0x00007ffbca4c0000 - 0x00007ffbca527000 	C:\Program Files\VideoLAN\VLC\plugins\lua\liblua_plugin.dll
0x00007ffbca440000 - 0x00007ffbca4b8000 	C:\Program Files\VideoLAN\VLC\plugins\stream_extractor\libarchive_plugin.dll
0x00007ffbd29c0000 - 0x00007ffbd29d1000 	C:\Program Files\VideoLAN\VLC\plugins\stream_filter\librecord_plugin.dll
0x00007ffbca3e0000 - 0x00007ffbca437000 	C:\Program Files\VideoLAN\VLC\plugins\demux\libmp4_plugin.dll
0x00007ffbc9290000 - 0x00007ffbc93e1000 	C:\Program Files\VideoLAN\VLC\plugins\codec\libdav1d_plugin.dll
0x00007ffbcae10000 - 0x00007ffbcae52000 	C:\Program Files\VideoLAN\VLC\plugins\codec\libjpeg_plugin.dll
0x00007ffbd2970000 - 0x00007ffbd2982000 	C:\Program Files\VideoLAN\VLC\plugins\codec\libcdg_plugin.dll
0x00007ffbca390000 - 0x00007ffbca3dc000 	C:\Program Files\VideoLAN\VLC\plugins\codec\libpng_plugin.dll
0x00007ffbc8570000 - 0x00007ffbc86db000 	C:\Program Files\VideoLAN\VLC\plugins\codec\libschroedinger_plugin.dll
0x00007ffbc6490000 - 0x00007ffbc64e7000 	C:\Program Files\VideoLAN\VLC\plugins\codec\libtheora_plugin.dll
0x00007ffbc62d0000 - 0x00007ffbc648c000 	C:\Program Files\VideoLAN\VLC\plugins\codec\libaom_plugin.dll
0x00007ffbb8f60000 - 0x00007ffbba701000 	C:\Program Files\VideoLAN\VLC\plugins\codec\libavcodec_plugin.dll

VM Arguments:
java_command: .\target\rosita-jar-with-dependencies.jar
java_class_path (initial): .\target\rosita-jar-with-dependencies.jar
Launcher Type: SUN_STANDARD

Environment Variables:
PATH=C:\Program Files (x86)\Common Files\Oracle\Java\javapath;C:\Windows\system32;C:\Windows;C:\Windows\System32\Wbem;C:\Windows\System32\WindowsPowerShell\v1.0\
USERNAME=toto
OS=Windows_NT
PROCESSOR_IDENTIFIER=Intel64 Family 6 Model 69 Stepping 1, GenuineIntel



---------------  S Y S T E M  ---------------

OS: Windows 8.1 , 64 bit Build 9600 (6.3.9600.19843)

CPU:total 4 (initial active 4) (2 cores per cpu, 2 threads per core) family 6 model 69 stepping 1, cmov, cx8, fxsr, mmx, sse, sse2, sse3, ssse3, sse4.1, sse4.2, popcnt, avx, avx2, aes, clmul, erms, lzcnt, ht, tsc, tscinvbit, bmi1, bmi2

Memory: 4k page, physical 7894460k(4379940k free), swap 9860540k(5695388k free)

vm_info: Java HotSpot(TM) 64-Bit Server VM (25.271-b09) for windows-amd64 JRE (1.8.0_271-b09), built on Sep 16 2020 19:14:59 by "" with MS VC++ 15.9 (VS2017)

time: Sun Dec 27 20:58:31 2020
timezone: Romance Standard Time
elapsed time: 25.544028 seconds (0d 0h 0m 25s)

