#
# A fatal error has been detected by the Java Runtime Environment:
#
#  EXCEPTION_ACCESS_VIOLATION (0xc0000005) at pc=0x0000000180003990, pid=2656, tid=0x00000000000004bc
#
# JRE version: Java(TM) SE Runtime Environment (8.0_271-b09) (build 1.8.0_271-b09)
# Java VM: Java HotSpot(TM) 64-Bit Server VM (25.271-b09 mixed mode windows-amd64 compressed oops)
# Problematic frame:
# C  [rxtxSerial.dll+0x3990]
#
# Failed to write core dump. Minidumps are not enabled by default on client versions of Windows
#
# If you would like to submit a bug report, please visit:
#   http://bugreport.java.com/bugreport/crash.jsp
# The crash happened outside the Java Virtual Machine in native code.
# See problematic frame for where to report the bug.
#

---------------  T H R E A D  ---------------

Current thread (0x0000000de2a92000):  JavaThread "Thread-1" daemon [_thread_in_native, id=1212, stack(0x0000000de5ee0000,0x0000000de5fe0000)]

siginfo: ExceptionCode=0xc0000005, reading address 0xffffffffe5fdf1c8

Registers:
RAX=0x00000000e5fdf1c0, RBX=0x0000000000000000, RCX=0x000000018001d4d5, RDX=0xfffffffffffff665
RSP=0x0000000de5fde400, RBP=0x00000000ffffffff, RSI=0x0000000000000004, RDI=0x0000000000000000
R8 =0x0000000000000002, R9 =0xfffffffffffff63c, R10=0x0000000000000012, R11=0x8101010101010100
R12=0xffffffffe5fdf1c0, R13=0x0000000000000001, R14=0x0000000000000004, R15=0x0000000000000000
RIP=0x0000000180003990, EFLAGS=0x0000000000010206

Top of Stack: (sp=0x0000000de5fde400)
0x0000000de5fde400:   0000000000000000 0000000de5fde5d0
0x0000000de5fde410:   0000000000000004 0000000000000000
0x0000000de5fde420:   0000000de2a92000 00000000ffffffff
0x0000000de5fde430:   0000000000000001 0000000000000000
0x0000000de5fde440:   0000000de2a921f8 0000000000000004
0x0000000de5fde450:   0000000de5fde5d0 000000018000535a
0x0000000de5fde460:   0000000de5d4fe50 0000000de5fde5d0
0x0000000de5fde470:   0000000000000001 0000000de5d4fe50
0x0000000de5fde480:   0000000d00000004 00000000ffffffff
0x0000000de5fde490:   0000000de5fde5d8 0000000000000000
0x0000000de5fde4a0:   0000000de2a92000 0000000de2a8e760
0x0000000de5fde4b0:   0000000de2165370 0000000de2a92000
0x0000000de5fde4c0:   0000000de2165370 0000000de2a92000
0x0000000de5fde4d0:   0000000dcdc17dc0 0000dc91c2d15b99
0x0000000de5fde4e0:   0000000de5fde5d8 0000000de2165368
0x0000000de5fde4f0:   0000000000000000 0000000dcdc17dc0 

Instructions: (pc=0x0000000180003990)
0x0000000180003970:   00 44 8b fb 8b fb e8 95 fe ff ff 8b ac 24 88 00
0x0000000180003980:   00 00 44 8b b4 24 80 00 00 00 4c 63 e0 41 8b f6
0x0000000180003990:   45 8b 6c 24 08 41 89 5c 24 08 85 ed 78 09 ff 15
0x00000001800039a0:   5c 36 01 00 44 8b f8 45 85 f6 7e 4d 0f 1f 40 00 


Register to memory mapping:

RAX=0x00000000e5fdf1c0 is an unallocated location in the heap
RBX=0x0000000000000000 is an unknown value
RCX=0x000000018001d4d5 is an unknown value
RDX=0xfffffffffffff665 is an unknown value
RSP=0x0000000de5fde400 is pointing into the stack for thread: 0x0000000de2a92000
RBP=0x00000000ffffffff is an unallocated location in the heap
RSI=0x0000000000000004 is an unknown value
RDI=0x0000000000000000 is an unknown value
R8 =0x0000000000000002 is an unknown value
R9 =0xfffffffffffff63c is an unknown value
R10=0x0000000000000012 is an unknown value
R11=0x8101010101010100 is an unknown value
R12=0xffffffffe5fdf1c0 is an unknown value
R13=0x0000000000000001 is an unknown value
R14=0x0000000000000004 is an unknown value
R15=0x0000000000000000 is an unknown value


Stack: [0x0000000de5ee0000,0x0000000de5fe0000],  sp=0x0000000de5fde400,  free space=1017k
Native frames: (J=compiled Java code, j=interpreted, Vv=VM code, C=native code)
C  [rxtxSerial.dll+0x3990]
C  [rxtxSerial.dll+0x535a]
C  0x0000000dcdc29f4e

Java frames: (J=compiled Java code, j=interpreted, Vv=VM code)
j  gnu.io.RXTXPort.readArray([BII)I+0
j  gnu.io.RXTXPort$SerialInputStream.read([BII)I+212
j  sun.nio.cs.StreamDecoder.readBytes()I+135
j  sun.nio.cs.StreamDecoder.implRead([CII)I+112
j  sun.nio.cs.StreamDecoder.read([CII)I+180
j  java.io.InputStreamReader.read([CII)I+7
j  java.io.BufferedReader.fill()V+145
J 37 C1 java.io.BufferedReader.readLine(Z)Ljava/lang/String; (304 bytes) @ 0x0000000dcdd2cf74 [0x0000000dcdd2cca0+0x2d4]
j  java.io.BufferedReader.readLine()Ljava/lang/String;+2
j  fr.duvam.arduino.ArduinoComm.serialEvent(Lgnu/io/SerialPortEvent;)V+12
j  gnu.io.RXTXPort.sendEvent(IZ)Z+382
v  ~StubRoutines::call_stub
j  gnu.io.RXTXPort.eventLoop()V+0
j  gnu.io.RXTXPort$MonitorThread.run()V+12
v  ~StubRoutines::call_stub

---------------  P R O C E S S  ---------------

Java Threads: ( => current thread )
  0x0000000de2a93800 JavaThread "media-player-events" daemon [_thread_in_native, id=4784, stack(0x0000000de8de0000,0x0000000de8ee0000)]
  0x0000000de2a96800 JavaThread "media-player-events" daemon [_thread_in_native, id=2660, stack(0x0000000de94e0000,0x0000000de95e0000)]
  0x0000000de2a95000 JavaThread "Thread-7" daemon [_thread_blocked, id=2704, stack(0x0000000de80d0000,0x0000000de81d0000)]
  0x0000000de2a94000 JavaThread "Thread-6" daemon [_thread_blocked, id=2604, stack(0x0000000de7ed0000,0x0000000de7fd0000)]
  0x0000000de2a8f800 JavaThread "media-events" daemon [_thread_in_native, id=2988, stack(0x0000000de77d0000,0x0000000de78d0000)]
  0x0000000de2a90800 JavaThread "Java Sound MidiInDevice Thread" [_thread_in_native, id=472, stack(0x0000000de63e0000,0x0000000de64e0000)]
=>0x0000000de2a92000 JavaThread "Thread-1" daemon [_thread_in_native, id=1212, stack(0x0000000de5ee0000,0x0000000de5fe0000)]
  0x0000000dcc2c4800 JavaThread "DestroyJavaVM" [_thread_blocked, id=616, stack(0x0000000dcdb10000,0x0000000dcdc10000)]
  0x0000000de4391000 JavaThread "AWT-EventQueue-0" [_thread_blocked, id=2148, stack(0x0000000de4820000,0x0000000de4920000)]
  0x0000000de4386000 JavaThread "AWT-Windows" daemon [_thread_in_native, id=3488, stack(0x0000000de4720000,0x0000000de4820000)]
  0x0000000de437b000 JavaThread "AWT-Shutdown" [_thread_blocked, id=2532, stack(0x0000000de4620000,0x0000000de4720000)]
  0x0000000de437a800 JavaThread "Java2D Disposer" daemon [_thread_blocked, id=4604, stack(0x0000000de4520000,0x0000000de4620000)]
  0x0000000de2b02800 JavaThread "Service Thread" daemon [_thread_blocked, id=2944, stack(0x0000000de3e30000,0x0000000de3f30000)]
  0x0000000de2a91000 JavaThread "C1 CompilerThread2" daemon [_thread_blocked, id=3896, stack(0x0000000de3d30000,0x0000000de3e30000)]
  0x0000000de2a8a000 JavaThread "C2 CompilerThread1" daemon [_thread_blocked, id=2536, stack(0x0000000de3c30000,0x0000000de3d30000)]
  0x0000000de2a82000 JavaThread "C2 CompilerThread0" daemon [_thread_blocked, id=2272, stack(0x0000000de3b30000,0x0000000de3c30000)]
  0x0000000de2a87800 JavaThread "Attach Listener" daemon [_thread_blocked, id=1112, stack(0x0000000de3a30000,0x0000000de3b30000)]
  0x0000000de2a86800 JavaThread "Signal Dispatcher" daemon [_thread_blocked, id=3104, stack(0x0000000de3930000,0x0000000de3a30000)]
  0x0000000de2a6c000 JavaThread "Finalizer" daemon [_thread_blocked, id=4752, stack(0x0000000de3750000,0x0000000de3850000)]
  0x0000000de2336800 JavaThread "Reference Handler" daemon [_thread_blocked, id=3920, stack(0x0000000de3650000,0x0000000de3750000)]

Other Threads:
  0x0000000de2a44800 VMThread [stack: 0x0000000de3550000,0x0000000de3650000] [id=3356]
  0x0000000de2b2d000 WatcherThread [stack: 0x0000000de3f30000,0x0000000de4030000] [id=1768]

VM state:not at safepoint (normal execution)

VM Mutex/Monitor currently owned by a thread: None

heap address: 0x0000000087800000, size: 1928 MB, Compressed Oops mode: 32-bit
Narrow klass base: 0x0000000000000000, Narrow klass shift: 3
Compressed class space size: 1073741824 Address: 0x0000000100000000

Heap:
 PSYoungGen      total 36352K, used 17531K [0x00000000d7d80000, 0x00000000dc480000, 0x0000000100000000)
  eden space 31232K, 39% used [0x00000000d7d80000,0x00000000d89a2498,0x00000000d9c00000)
  from space 5120K, 99% used [0x00000000d9c00000,0x00000000da0fcab0,0x00000000da100000)
  to   space 5120K, 0% used [0x00000000dbf80000,0x00000000dbf80000,0x00000000dc480000)
 ParOldGen       total 83456K, used 9310K [0x0000000087800000, 0x000000008c980000, 0x00000000d7d80000)
  object space 83456K, 11% used [0x0000000087800000,0x00000000881179e8,0x000000008c980000)
 Metaspace       used 15179K, capacity 15576K, committed 15616K, reserved 1062912K
  class space    used 1926K, capacity 2043K, committed 2048K, reserved 1048576K

Card table byte_map: [0x0000000ddcfd0000,0x0000000ddd3a0000] byte_map_base: 0x0000000ddcb94000

Marking Bits: (ParMarkBitMap*) 0x0000000053e37fe0
 Begin Bits: [0x0000000ddda30000, 0x0000000ddf850000)
 End Bits:   [0x0000000ddf850000, 0x0000000de1670000)

Polling page: 0x0000000dcc1d0000

CodeCache: size=245760Kb used=4170Kb max_used=4170Kb free=241589Kb
 bounds [0x0000000dcdc10000, 0x0000000dce030000, 0x0000000ddcc10000]
 total_blobs=1718 nmethods=1197 adapters=434
 compilation: enabled

Compilation events (10 events):
Event: 3.268 Thread 0x0000000de2a8a000 1193       4       com.sun.jna.Structure::getFieldList (113 bytes)
Event: 3.320 Thread 0x0000000de2a8a000 nmethod 1193 0x0000000dce023090 code [0x0000000dce0232c0, 0x0000000dce0247b8]
Event: 3.519 Thread 0x0000000de2a91000 1194       3       com.sun.jna.Pointer::share (7 bytes)
Event: 3.520 Thread 0x0000000de2a91000 nmethod 1194 0x0000000dce004250 code [0x0000000dce0043c0, 0x0000000dce0045f0]
Event: 4.016 Thread 0x0000000de2a91000 1195       3       com.sun.jna.Structure$StructureSet::ensureCapacity (61 bytes)
Event: 4.018 Thread 0x0000000de2a91000 nmethod 1195 0x0000000dce003b50 code [0x0000000dce003cc0, 0x0000000dce004110]
Event: 4.171 Thread 0x0000000de2a91000 1196       3       sun.awt.AWTAutoShutdown::getInstance (4 bytes)
Event: 4.171 Thread 0x0000000de2a91000 nmethod 1196 0x0000000dce003850 code [0x0000000dce0039a0, 0x0000000dce003ad8]
Event: 4.269 Thread 0x0000000de2a91000 1197   !   3       com.sun.jna.Structure::writeField (427 bytes)
Event: 4.277 Thread 0x0000000de2a91000 nmethod 1197 0x0000000dce026150 code [0x0000000dce026740, 0x0000000dce02a810]

GC Heap History (2 events):
Event: 1.107 GC heap before
{Heap before GC invocations=1 (full 0):
 PSYoungGen      total 36352K, used 29768K [0x00000000d7d80000, 0x00000000da600000, 0x0000000100000000)
  eden space 31232K, 95% used [0x00000000d7d80000,0x00000000d9a92338,0x00000000d9c00000)
  from space 5120K, 0% used [0x00000000da100000,0x00000000da100000,0x00000000da600000)
  to   space 5120K, 0% used [0x00000000d9c00000,0x00000000d9c00000,0x00000000da100000)
 ParOldGen       total 83456K, used 0K [0x0000000087800000, 0x000000008c980000, 0x00000000d7d80000)
  object space 83456K, 0% used [0x0000000087800000,0x0000000087800000,0x000000008c980000)
 Metaspace       used 14926K, capacity 15212K, committed 15616K, reserved 1062912K
  class space    used 1901K, capacity 1977K, committed 2048K, reserved 1048576K
Event: 1.127 GC heap after
Heap after GC invocations=1 (full 0):
 PSYoungGen      total 36352K, used 5106K [0x00000000d7d80000, 0x00000000dc480000, 0x0000000100000000)
  eden space 31232K, 0% used [0x00000000d7d80000,0x00000000d7d80000,0x00000000d9c00000)
  from space 5120K, 99% used [0x00000000d9c00000,0x00000000da0fcab0,0x00000000da100000)
  to   space 5120K, 0% used [0x00000000dbf80000,0x00000000dbf80000,0x00000000dc480000)
 ParOldGen       total 83456K, used 9310K [0x0000000087800000, 0x000000008c980000, 0x00000000d7d80000)
  object space 83456K, 11% used [0x0000000087800000,0x00000000881179e8,0x000000008c980000)
 Metaspace       used 14926K, capacity 15212K, committed 15616K, reserved 1062912K
  class space    used 1901K, capacity 1977K, committed 2048K, reserved 1048576K
}

Deoptimization events (10 events):
Event: 0.678 Thread 0x0000000de4391000 Uncommon trap: reason=class_check action=maybe_recompile pc=0x0000000dcdeb7114 method=java.io.DataOutputStream.writeByte(I)V @ 5
Event: 0.709 Thread 0x0000000de4391000 Uncommon trap: reason=class_check action=maybe_recompile pc=0x0000000dcde478ac method=java.util.regex.Matcher.getTextLength()I @ 4
Event: 0.710 Thread 0x0000000de4391000 Uncommon trap: reason=class_check action=maybe_recompile pc=0x0000000dcde478ac method=java.util.regex.Matcher.getTextLength()I @ 4
Event: 0.712 Thread 0x0000000de4391000 Uncommon trap: reason=class_check action=maybe_recompile pc=0x0000000dcde49c04 method=java.lang.Character.codePointAt(Ljava/lang/CharSequence;I)I @ 2
Event: 0.713 Thread 0x0000000de4391000 Uncommon trap: reason=unstable_if action=reinterpret pc=0x0000000dcdecb98c method=java.util.regex.Matcher.reset()Ljava/util/regex/Matcher; @ 47
Event: 0.716 Thread 0x0000000de4391000 Uncommon trap: reason=class_check action=maybe_recompile pc=0x0000000dcde49c04 method=java.lang.Character.codePointAt(Ljava/lang/CharSequence;I)I @ 2
Event: 0.716 Thread 0x0000000de4391000 Uncommon trap: reason=class_check action=maybe_recompile pc=0x0000000dcde49c04 method=java.lang.Character.codePointAt(Ljava/lang/CharSequence;I)I @ 2
Event: 0.804 Thread 0x0000000de4391000 Uncommon trap: reason=class_check action=maybe_recompile pc=0x0000000dcde49c04 method=java.lang.Character.codePointAt(Ljava/lang/CharSequence;I)I @ 2
Event: 0.804 Thread 0x0000000de4391000 Uncommon trap: reason=class_check action=maybe_recompile pc=0x0000000dcde4a528 method=java.lang.Character.codePointAt(Ljava/lang/CharSequence;I)I @ 2
Event: 1.130 Thread 0x0000000de2a6c000 Uncommon trap: reason=unstable_if action=reinterpret pc=0x0000000dcdf70adc method=java.lang.ref.ReferenceQueue.poll()Ljava/lang/ref/Reference; @ 4

Classes redefined (0 events):
No events

Internal exceptions (10 events):
Event: 0.347 Thread 0x0000000de4391000 Exception <a 'java/io/FileNotFoundException'> (0x00000000d84db750) thrown at [C:\jenkins\workspace\8-2-build-windows-amd64-cygwin\jdk8u271\605\hotspot\src\share\vm\prims\jni.cpp, line 710]
Event: 0.347 Thread 0x0000000de4391000 Exception <a 'java/io/FileNotFoundException'> (0x00000000d84dc200) thrown at [C:\jenkins\workspace\8-2-build-windows-amd64-cygwin\jdk8u271\605\hotspot\src\share\vm\prims\jni.cpp, line 710]
Event: 0.347 Thread 0x0000000de4391000 Exception <a 'java/io/FileNotFoundException'> (0x00000000d84dcb28) thrown at [C:\jenkins\workspace\8-2-build-windows-amd64-cygwin\jdk8u271\605\hotspot\src\share\vm\prims\jni.cpp, line 710]
Event: 0.347 Thread 0x0000000de4391000 Exception <a 'java/io/FileNotFoundException'> (0x00000000d84dd508) thrown at [C:\jenkins\workspace\8-2-build-windows-amd64-cygwin\jdk8u271\605\hotspot\src\share\vm\prims\jni.cpp, line 710]
Event: 0.500 Thread 0x0000000de4391000 Exception <a 'java/io/FileNotFoundException'> (0x00000000d87cb9d8) thrown at [C:\jenkins\workspace\8-2-build-windows-amd64-cygwin\jdk8u271\605\hotspot\src\share\vm\prims\jni.cpp, line 710]
Event: 0.709 Thread 0x0000000de4391000 Exception <a 'java/lang/UnsatisfiedLinkError': The specified procedure could not be found.
> (0x00000000d8ce48b0) thrown at [C:\jenkins\workspace\8-2-build-windows-amd64-cygwin\jdk8u271\605\hotspot\src\share\vm\prims\jni.cpp, line 737]
Event: 1.048 Thread 0x0000000de4391000 Exception <a 'java/lang/UnsatisfiedLinkError': The specified procedure could not be found.
> (0x00000000d9706b30) thrown at [C:\jenkins\workspace\8-2-build-windows-amd64-cygwin\jdk8u271\605\hotspot\src\share\vm\prims\jni.cpp, line 737]
Event: 1.061 Thread 0x0000000de4391000 Exception <a 'java/lang/UnsatisfiedLinkError': The specified procedure could not be found.
> (0x00000000d9754280) thrown at [C:\jenkins\workspace\8-2-build-windows-amd64-cygwin\jdk8u271\605\hotspot\src\share\vm\prims\jni.cpp, line 737]
Event: 1.063 Thread 0x0000000de4391000 Exception <a 'java/lang/UnsatisfiedLinkError': The specified procedure could not be found.
> (0x00000000d97557c8) thrown at [C:\jenkins\workspace\8-2-build-windows-amd64-cygwin\jdk8u271\605\hotspot\src\share\vm\prims\jni.cpp, line 737]
Event: 1.065 Thread 0x0000000de4391000 Exception <a 'java/lang/UnsatisfiedLinkError': The specified procedure could not be found.
> (0x00000000d975b9b8) thrown at [C:\jenkins\workspace\8-2-build-windows-amd64-cygwin\jdk8u271\605\hotspot\src\share\vm\prims\jni.cpp, line 737]

Events (10 events):
Event: 1.203 Thread 0x0000000de2a96800 Thread added: 0x0000000de2a96800
Event: 1.203 Thread 0x0000000de2a96800 Thread exited: 0x0000000de2a96800
Event: 1.204 Thread 0x0000000de2a96800 Thread added: 0x0000000de2a96800
Event: 1.277 Thread 0x0000000de2a93800 Thread added: 0x0000000de2a93800
Event: 1.277 Thread 0x0000000de2a93800 Thread exited: 0x0000000de2a93800
Event: 1.277 Thread 0x0000000de2a93800 Thread added: 0x0000000de2a93800
Event: 4.086 Executing VM operation: EnableBiasedLocking
Event: 4.086 Executing VM operation: EnableBiasedLocking done
Event: 4.384 loading class gnu/io/SerialPortEvent
Event: 4.384 loading class gnu/io/SerialPortEvent done


Dynamic libraries:
0x00007ff7868f0000 - 0x00007ff786937000 	C:\Program Files (x86)\Common Files\Oracle\Java\javapath\java.exe
0x00007ffbf6490000 - 0x00007ffbf663d000 	C:\Windows\SYSTEM32\ntdll.dll
0x00007ffbf6040000 - 0x00007ffbf617f000 	C:\Windows\system32\KERNEL32.DLL
0x00007ffbf39a0000 - 0x00007ffbf3ab5000 	C:\Windows\system32\KERNELBASE.dll
0x00007ffbf16c0000 - 0x00007ffbf174e000 	C:\Windows\system32\apphelp.dll
0x00007ffbe8c80000 - 0x00007ffbe8cd5000 	C:\Windows\AppPatch\AppPatch64\AcGenral.DLL
0x00007ffbf50f0000 - 0x00007ffbf519a000 	C:\Windows\system32\msvcrt.dll
0x00007ffbf3970000 - 0x00007ffbf399e000 	C:\Windows\system32\SspiCli.dll
0x00007ffbf5780000 - 0x00007ffbf57d4000 	C:\Windows\system32\SHLWAPI.dll
0x00007ffbf5810000 - 0x00007ffbf5987000 	C:\Windows\system32\USER32.dll
0x00007ffbf5ea0000 - 0x00007ffbf6035000 	C:\Windows\system32\ole32.dll
0x00007ffbf3b10000 - 0x00007ffbf503e000 	C:\Windows\system32\SHELL32.dll
0x00007ffbf2b70000 - 0x00007ffbf2b91000 	C:\Windows\SYSTEM32\USERENV.dll
0x00007ffbf5040000 - 0x00007ffbf50ea000 	C:\Windows\system32\ADVAPI32.dll
0x00007ffbf10b0000 - 0x00007ffbf10ce000 	C:\Windows\SYSTEM32\MPR.dll
0x00007ffbf5990000 - 0x00007ffbf5ad0000 	C:\Windows\system32\RPCRT4.dll
0x00007ffbf5de0000 - 0x00007ffbf5e38000 	C:\Windows\SYSTEM32\sechost.dll
0x00007ffbf5260000 - 0x00007ffbf5471000 	C:\Windows\SYSTEM32\combase.dll
0x00007ffbf5c90000 - 0x00007ffbf5ddd000 	C:\Windows\system32\GDI32.dll
0x00007ffbf35b0000 - 0x00007ffbf35c5000 	C:\Windows\SYSTEM32\profapi.dll
0x00007ffbeeb80000 - 0x00007ffbeec32000 	C:\Windows\SYSTEM32\SHCORE.dll
0x00007ffbf6440000 - 0x00007ffbf6476000 	C:\Windows\system32\IMM32.DLL
0x00007ffbf5480000 - 0x00007ffbf55d1000 	C:\Windows\system32\MSCTF.dll
0x00007ffbee390000 - 0x00007ffbee60b000 	C:\Windows\WinSxS\amd64_microsoft.windows.common-controls_6595b64144ccf1df_6.0.9600.19394_none_62486577ecb635cf\COMCTL32.dll
0x00007ffbf1680000 - 0x00007ffbf1695000 	C:\Program Files\Java\jre1.8.0_271\bin\vcruntime140.dll
0x00007ffbea4d0000 - 0x00007ffbea4d4000 	C:\Windows\SYSTEM32\api-ms-win-crt-runtime-l1-1-0.dll
0x00007ffbea4c0000 - 0x00007ffbea4c3000 	C:\Windows\SYSTEM32\api-ms-win-crt-heap-l1-1-0.dll
0x00007ffbec8d0000 - 0x00007ffbec8d4000 	C:\Windows\SYSTEM32\api-ms-win-crt-string-l1-1-0.dll
0x00007ffbea4b0000 - 0x00007ffbea4b4000 	C:\Windows\SYSTEM32\api-ms-win-crt-stdio-l1-1-0.dll
0x00007ffbe9b70000 - 0x00007ffbe9b74000 	C:\Windows\SYSTEM32\api-ms-win-crt-convert-l1-1-0.dll
0x00007ffbe2cf0000 - 0x00007ffbe2de4000 	C:\Windows\SYSTEM32\ucrtbase.DLL
0x00007ffbe8be0000 - 0x00007ffbe8c7b000 	C:\Program Files\Java\jre1.8.0_271\bin\msvcp140.dll
0x00007ffbea3c0000 - 0x00007ffbea3c3000 	C:\Windows\SYSTEM32\api-ms-win-crt-locale-l1-1-0.dll
0x00007ffbea660000 - 0x00007ffbea665000 	C:\Windows\SYSTEM32\api-ms-win-crt-math-l1-1-0.dll
0x00007ffbe9b30000 - 0x00007ffbe9b33000 	C:\Windows\SYSTEM32\api-ms-win-crt-filesystem-l1-1-0.dll
0x00007ffbe92b0000 - 0x00007ffbe92b3000 	C:\Windows\SYSTEM32\api-ms-win-crt-time-l1-1-0.dll
0x00007ffbe94f0000 - 0x00007ffbe94f3000 	C:\Windows\SYSTEM32\api-ms-win-crt-environment-l1-1-0.dll
0x00007ffbe9ad0000 - 0x00007ffbe9ad3000 	C:\Windows\SYSTEM32\api-ms-win-crt-utility-l1-1-0.dll
0x0000000053640000 - 0x0000000053eaf000 	C:\Program Files\Java\jre1.8.0_271\bin\server\jvm.dll
0x00007ffbe7e60000 - 0x00007ffbe7e69000 	C:\Windows\SYSTEM32\WSOCK32.dll
0x00007ffbeec70000 - 0x00007ffbeec92000 	C:\Windows\SYSTEM32\WINMM.dll
0x00007ffbea170000 - 0x00007ffbea17a000 	C:\Windows\SYSTEM32\VERSION.dll
0x00007ffbf56a0000 - 0x00007ffbf56a7000 	C:\Windows\system32\PSAPI.DLL
0x00007ffbf5e40000 - 0x00007ffbf5e9a000 	C:\Windows\system32\WS2_32.dll
0x00007ffbeec40000 - 0x00007ffbeec6a000 	C:\Windows\SYSTEM32\WINMMBASE.dll
0x00007ffbf6180000 - 0x00007ffbf6189000 	C:\Windows\system32\NSI.dll
0x00007ffbf3ac0000 - 0x00007ffbf3b0f000 	C:\Windows\SYSTEM32\cfgmgr32.dll
0x00007ffbf23f0000 - 0x00007ffbf2418000 	C:\Windows\SYSTEM32\DEVOBJ.dll
0x00007ffbf1670000 - 0x00007ffbf1680000 	C:\Program Files\Java\jre1.8.0_271\bin\verify.dll
0x00007ffbec740000 - 0x00007ffbec76b000 	C:\Program Files\Java\jre1.8.0_271\bin\java.dll
0x00007ffbf0f00000 - 0x00007ffbf0f18000 	C:\Program Files\Java\jre1.8.0_271\bin\zip.dll
0x00007ffbd2a70000 - 0x00007ffbd2c04000 	C:\Program Files\Java\jre1.8.0_271\bin\awt.dll
0x00007ffbf6190000 - 0x00007ffbf6257000 	C:\Windows\system32\OLEAUT32.dll
0x00007ffbf2220000 - 0x00007ffbf2349000 	C:\Windows\system32\uxtheme.dll
0x00007ffbed800000 - 0x00007ffbed8ab000 	C:\Program Files\Common Files\microsoft shared\ink\tiptsf.dll
0x00007ffbee980000 - 0x00007ffbee9a1000 	C:\Windows\system32\dwmapi.dll
0x00007ffbf2420000 - 0x00007ffbf242b000 	C:\Windows\SYSTEM32\kernel.appcore.dll
0x00007ffbf3480000 - 0x00007ffbf348b000 	C:\Windows\SYSTEM32\CRYPTBASE.dll
0x00007ffbf3410000 - 0x00007ffbf3473000 	C:\Windows\SYSTEM32\bcryptPrimitives.dll
0x00007ffbed790000 - 0x00007ffbed7ac000 	C:\Program Files\Java\jre1.8.0_271\bin\net.dll
0x00007ffbf2f40000 - 0x00007ffbf2f99000 	C:\Windows\system32\mswsock.dll
0x00007ffbd38d0000 - 0x00007ffbd38e5000 	C:\Windows\system32\napinsp.dll
0x00007ffbd38b0000 - 0x00007ffbd38ca000 	C:\Windows\system32\pnrpnsp.dll
0x00007ffbf1e00000 - 0x00007ffbf1e1b000 	C:\Windows\system32\NLAapi.dll
0x00007ffbf2ba0000 - 0x00007ffbf2c44000 	C:\Windows\SYSTEM32\DNSAPI.dll
0x00007ffbd38a0000 - 0x00007ffbd38ad000 	C:\Windows\System32\winrnr.dll
0x00007ffbd3880000 - 0x00007ffbd3894000 	C:\Windows\system32\wshbth.dll
0x00007ffbeb660000 - 0x00007ffbeb66a000 	C:\Windows\System32\rasadhlp.dll
0x00007ffbf0b00000 - 0x00007ffbf0b2a000 	C:\Windows\SYSTEM32\IPHLPAPI.DLL
0x00007ffbf0af0000 - 0x00007ffbf0afa000 	C:\Windows\SYSTEM32\WINNSI.DLL
0x00007ffbee300000 - 0x00007ffbee36b000 	C:\Windows\System32\fwpuclnt.dll
0x0000000180000000 - 0x0000000180025000 	C:\Program Files\Java\jre1.8.0_271\bin\rxtxSerial.dll
0x00007ffbf11b0000 - 0x00007ffbf11bd000 	C:\Program Files\Java\jre1.8.0_271\bin\jsound.dll
0x00007ffbf0eb0000 - 0x00007ffbf0ebd000 	C:\Program Files\Java\jre1.8.0_271\bin\jsoundds.dll
0x00007ffbe8500000 - 0x00007ffbe859d000 	C:\Windows\SYSTEM32\DSOUND.dll
0x00007ffbf3550000 - 0x00007ffbf3596000 	C:\Windows\SYSTEM32\POWRPROF.dll
0x00007ffbf1110000 - 0x00007ffbf1180000 	C:\Windows\SYSTEM32\MMDevAPI.DLL
0x00007ffbf0160000 - 0x00007ffbf019e000 	C:\Windows\SYSTEM32\wdmaud.drv
0x00007ffbf0b30000 - 0x00007ffbf0b38000 	C:\Windows\SYSTEM32\ksuser.dll
0x00007ffbf1180000 - 0x00007ffbf118c000 	C:\Windows\SYSTEM32\AVRT.dll
0x00007ffbe2b50000 - 0x00007ffbe2bce000 	C:\Windows\SYSTEM32\AUDIOSES.DLL
0x00007ffbf0360000 - 0x00007ffbf036b000 	C:\Windows\SYSTEM32\msacm32.drv
0x00007ffbf0120000 - 0x00007ffbf013c000 	C:\Windows\SYSTEM32\MSACM32.dll
0x00007ffbf0110000 - 0x00007ffbf011a000 	C:\Windows\SYSTEM32\midimap.dll
0x00007ffbea4e0000 - 0x00007ffbea4f3000 	C:\Program Files\Java\jre1.8.0_271\bin\nio.dll
0x00007ffbe87a0000 - 0x00007ffbe88cb000 	C:\Windows\system32\opengl32.dll
0x00007ffbed7d0000 - 0x00007ffbed7fe000 	C:\Windows\SYSTEM32\GLU32.dll
0x00007ffbe8040000 - 0x00007ffbe8138000 	C:\Windows\SYSTEM32\DDRAW.dll
0x00007ffbedde0000 - 0x00007ffbedde9000 	C:\Windows\SYSTEM32\DCIMAN32.dll
0x00007ffbf2fa0000 - 0x00007ffbf2fc0000 	C:\Windows\SYSTEM32\CRYPTSP.dll
0x00007ffbf29f0000 - 0x00007ffbf2a26000 	C:\Windows\system32\rsaenh.dll
0x00007ffbf30f0000 - 0x00007ffbf3116000 	C:\Windows\SYSTEM32\bcrypt.dll
0x00007ffbee1d0000 - 0x00007ffbee1e6000 	C:\Windows\SYSTEM32\dhcpcsvc6.DLL
0x00007ffbef940000 - 0x00007ffbef95a000 	C:\Windows\SYSTEM32\dhcpcsvc.DLL
0x00007ffbe2660000 - 0x00007ffbe26a2000 	C:\Users\toto\AppData\Local\Temp\jna-3566134\jna4613699854019267260.dll
0x00007ffbe6fb0000 - 0x00007ffbe6fe4000 	C:\Program Files\VideoLAN\VLC\libvlc.dll
0x00007ffbcb040000 - 0x00007ffbcb2f4000 	C:\Program Files\VideoLAN\VLC\libvlccore.dll
0x00007ffbe7d50000 - 0x00007ffbe7d68000 	C:\Program Files\VideoLAN\VLC\plugins\logger\libfile_logger_plugin.dll
0x00007ffbe0730000 - 0x00007ffbe0747000 	C:\Program Files\VideoLAN\VLC\plugins\logger\libconsole_logger_plugin.dll
0x00007ffbdcfc0000 - 0x00007ffbdcfd1000 	C:\Program Files\VideoLAN\VLC\plugins\keystore\libmemory_keystore_plugin.dll
0x00007ffbdce10000 - 0x00007ffbdce27000 	C:\Program Files\VideoLAN\VLC\plugins\audio_output\libmmdevice_plugin.dll
0x00007ffbf51a0000 - 0x00007ffbf5256000 	C:\Windows\SYSTEM32\clbcatq.dll
0x00007ffbd3810000 - 0x00007ffbd3859000 	C:\Program Files\Java\jre1.8.0_271\bin\fontmanager.dll
0x00007ffbefe90000 - 0x00007ffbefefa000 	C:\Windows\SYSTEM32\oleacc.dll
0x00007ffbeddd0000 - 0x00007ffbeddd7000 	C:\Program Files\Java\jre1.8.0_271\bin\jawt.dll
0x00007ffbc94a0000 - 0x00007ffbc96a5000 	C:\Program Files\VideoLAN\VLC\plugins\access\liblibbluray_plugin.dll
0x00007ffbd37c0000 - 0x00007ffbd3801000 	C:\Program Files\VideoLAN\VLC\plugins\access\libdvdnav_plugin.dll
0x00007ffbdc4d0000 - 0x00007ffbdc4f1000 	C:\Program Files\VideoLAN\VLC\plugins\access\libvdr_plugin.dll
0x00007ffbdbdd0000 - 0x00007ffbdbde8000 	C:\Program Files\VideoLAN\VLC\plugins\access\libfilesystem_plugin.dll
0x00007ffbdbdb0000 - 0x00007ffbdbdc1000 	C:\Program Files\VideoLAN\VLC\plugins\stream_filter\libprefetch_plugin.dll
0x00007ffbd37a0000 - 0x00007ffbd37b1000 	C:\Program Files\VideoLAN\VLC\plugins\stream_filter\libcache_read_plugin.dll
0x00007ffbd2a50000 - 0x00007ffbd2a61000 	C:\Program Files\VideoLAN\VLC\plugins\stream_filter\libskiptags_plugin.dll
0x00007ffbd2a30000 - 0x00007ffbd2a48000 	C:\Program Files\VideoLAN\VLC\plugins\stream_filter\libinflate_plugin.dll
0x00007ffbd2a10000 - 0x00007ffbd2a2b000 	C:\Program Files\VideoLAN\VLC\plugins\stream_filter\libhds_plugin.dll
0x00007ffbd29f0000 - 0x00007ffbd2a01000 	C:\Program Files\VideoLAN\VLC\plugins\stream_filter\libadf_plugin.dll
0x00007ffbd29c0000 - 0x00007ffbd29f0000 	C:\Program Files\VideoLAN\VLC\plugins\demux\libplaylist_plugin.dll
0x00007ffbcafd0000 - 0x00007ffbcb037000 	C:\Program Files\VideoLAN\VLC\plugins\lua\liblua_plugin.dll
0x00007ffbca4b0000 - 0x00007ffbca528000 	C:\Program Files\VideoLAN\VLC\plugins\stream_extractor\libarchive_plugin.dll
0x00007ffbd2970000 - 0x00007ffbd2981000 	C:\Program Files\VideoLAN\VLC\plugins\stream_filter\librecord_plugin.dll
0x00007ffbcaf70000 - 0x00007ffbcafc7000 	C:\Program Files\VideoLAN\VLC\plugins\demux\libmp4_plugin.dll
0x00007ffbc9340000 - 0x00007ffbc9491000 	C:\Program Files\VideoLAN\VLC\plugins\codec\libdav1d_plugin.dll
0x00007ffbcae10000 - 0x00007ffbcae52000 	C:\Program Files\VideoLAN\VLC\plugins\codec\libjpeg_plugin.dll
0x00007ffbca490000 - 0x00007ffbca4a2000 	C:\Program Files\VideoLAN\VLC\plugins\codec\libcdg_plugin.dll
0x00007ffbca440000 - 0x00007ffbca48c000 	C:\Program Files\VideoLAN\VLC\plugins\codec\libpng_plugin.dll
0x00007ffbc8780000 - 0x00007ffbc88eb000 	C:\Program Files\VideoLAN\VLC\plugins\codec\libschroedinger_plugin.dll
0x00007ffbca3e0000 - 0x00007ffbca437000 	C:\Program Files\VideoLAN\VLC\plugins\codec\libtheora_plugin.dll
0x00007ffbc85c0000 - 0x00007ffbc877c000 	C:\Program Files\VideoLAN\VLC\plugins\codec\libaom_plugin.dll
0x00007ffbb8f60000 - 0x00007ffbba701000 	C:\Program Files\VideoLAN\VLC\plugins\codec\libavcodec_plugin.dll

VM Arguments:
java_command: .\target\rosita-jar-with-dependencies.jar
java_class_path (initial): .\target\rosita-jar-with-dependencies.jar
Launcher Type: SUN_STANDARD

Environment Variables:
PATH=C:\Program Files (x86)\Common Files\Oracle\Java\javapath;C:\Windows\system32;C:\Windows;C:\Windows\System32\Wbem;C:\Windows\System32\WindowsPowerShell\v1.0\
USERNAME=toto
OS=Windows_NT
PROCESSOR_IDENTIFIER=Intel64 Family 6 Model 69 Stepping 1, GenuineIntel



---------------  S Y S T E M  ---------------

OS: Windows 8.1 , 64 bit Build 9600 (6.3.9600.19843)

CPU:total 4 (initial active 4) (2 cores per cpu, 2 threads per core) family 6 model 69 stepping 1, cmov, cx8, fxsr, mmx, sse, sse2, sse3, ssse3, sse4.1, sse4.2, popcnt, avx, avx2, aes, clmul, erms, lzcnt, ht, tsc, tscinvbit, bmi1, bmi2

Memory: 4k page, physical 7894460k(4428404k free), swap 9860540k(5765540k free)

vm_info: Java HotSpot(TM) 64-Bit Server VM (25.271-b09) for windows-amd64 JRE (1.8.0_271-b09), built on Sep 16 2020 19:14:59 by "" with MS VC++ 15.9 (VS2017)

time: Sun Dec 27 21:25:30 2020
timezone: Romance Standard Time
elapsed time: 4.478791 seconds (0d 0h 0m 4s)

