#
# A fatal error has been detected by the Java Runtime Environment:
#
#  EXCEPTION_ACCESS_VIOLATION (0xc0000005) at pc=0x0000000180003990, pid=9308, tid=0x00000000000019f8
#
# JRE version: Java(TM) SE Runtime Environment (8.0_271-b09) (build 1.8.0_271-b09)
# Java VM: Java HotSpot(TM) 64-Bit Server VM (25.271-b09 mixed mode windows-amd64 compressed oops)
# Problematic frame:
# C  [rxtxSerial.dll+0x3990]
#
# Failed to write core dump. Minidumps are not enabled by default on client versions of Windows
#
# If you would like to submit a bug report, please visit:
#   http://bugreport.java.com/bugreport/crash.jsp
# The crash happened outside the Java Virtual Machine in native code.
# See problematic frame for where to report the bug.
#

---------------  T H R E A D  ---------------

Current thread (0x00000212be3e3800):  JavaThread "Thread-1" [_thread_in_native, id=6648, stack(0x000000af0b900000,0x000000af0ba00000)]

siginfo: ExceptionCode=0xc0000005, reading address 0x000000000b9fef48

Registers:
RAX=0x000000000b9fef40, RBX=0x0000000000000000, RCX=0x000000018001d4d5, RDX=0xfffffffffffff665
RSP=0x000000af0b9fe1c0, RBP=0x00000000ffffffff, RSI=0x0000000000000006, RDI=0x0000000000000000
R8 =0x0000000000000002, R9 =0xfffffffffffff63c, R10=0x0000000000000008, R11=0x8101010101010100
R12=0x000000000b9fef40, R13=0x0000000000000001, R14=0x0000000000000006, R15=0x0000000000000000
RIP=0x0000000180003990, EFLAGS=0x0000000000010202

Top of Stack: (sp=0x000000af0b9fe1c0)
0x000000af0b9fe1c0:   0000000000000000 000000af0b9fe390
0x000000af0b9fe1d0:   0000000000000006 0000000000000000
0x000000af0b9fe1e0:   00000212be3e3800 00000000ffffffff
0x000000af0b9fe1f0:   0000000000000001 0000000000000000
0x000000af0b9fe200:   00000212be3e39f8 0000000000000006
0x000000af0b9fe210:   000000af0b9fe390 000000018000535a
0x000000af0b9fe220:   00000212be76cb10 000000af0b9fe390
0x000000af0b9fe230:   0000000000000001 00000212be76cb10
0x000000af0b9fe240:   000000af00000006 00000000ffffffff
0x000000af0b9fe250:   000000af0b9fe398 0000000000000000
0x000000af0b9fe260:   00000212be3e3800 00000212bc9023b0
0x000000af0b9fe270:   00000212bc08d0f8 00000212be3e3800
0x000000af0b9fe280:   00000212bc08d0f8 00000212be3e3800
0x000000af0b9fe290:   00000212a7f47dc0 0000d38cd559d825
0x000000af0b9fe2a0:   000000af0b9fe398 00000212bc08d0f0
0x000000af0b9fe2b0:   0000000000000000 00000212a7f47dc0 

Instructions: (pc=0x0000000180003990)
0x0000000180003970:   00 44 8b fb 8b fb e8 95 fe ff ff 8b ac 24 88 00
0x0000000180003980:   00 00 44 8b b4 24 80 00 00 00 4c 63 e0 41 8b f6
0x0000000180003990:   45 8b 6c 24 08 41 89 5c 24 08 85 ed 78 09 ff 15
0x00000001800039a0:   5c 36 01 00 44 8b f8 45 85 f6 7e 4d 0f 1f 40 00 


Register to memory mapping:

RAX=0x000000000b9fef40 is an unknown value
RBX=0x0000000000000000 is an unknown value
RCX=0x000000018001d4d5 is an unknown value
RDX=0xfffffffffffff665 is an unknown value
RSP=0x000000af0b9fe1c0 is pointing into the stack for thread: 0x00000212be3e3800
RBP=0x00000000ffffffff is an unallocated location in the heap
RSI=0x0000000000000006 is an unknown value
RDI=0x0000000000000000 is an unknown value
R8 =0x0000000000000002 is an unknown value
R9 =0xfffffffffffff63c is an unknown value
R10=0x0000000000000008 is an unknown value
R11=0x8101010101010100 is an unknown value
R12=0x000000000b9fef40 is an unknown value
R13=0x0000000000000001 is an unknown value
R14=0x0000000000000006 is an unknown value
R15=0x0000000000000000 is an unknown value


Stack: [0x000000af0b900000,0x000000af0ba00000],  sp=0x000000af0b9fe1c0,  free space=1016k
Native frames: (J=compiled Java code, j=interpreted, Vv=VM code, C=native code)
C  [rxtxSerial.dll+0x3990]
C  [rxtxSerial.dll+0x535a]
C  0x00000212a7f59f4e

Java frames: (J=compiled Java code, j=interpreted, Vv=VM code)
j  gnu.io.RXTXPort.readArray([BII)I+0
j  gnu.io.RXTXPort$SerialInputStream.read([BII)I+212
j  sun.nio.cs.StreamDecoder.readBytes()I+135
j  sun.nio.cs.StreamDecoder.implRead([CII)I+112
j  sun.nio.cs.StreamDecoder.read([CII)I+180
j  java.io.InputStreamReader.read([CII)I+7
j  java.io.BufferedReader.fill()V+145
J 40 C1 java.io.BufferedReader.readLine(Z)Ljava/lang/String; (304 bytes) @ 0x00000212a805d9f4 [0x00000212a805d720+0x2d4]
j  java.io.BufferedReader.readLine()Ljava/lang/String;+2
j  fr.duvam.arduino.ArduinoComm.serialEvent(Lgnu/io/SerialPortEvent;)V+12
j  gnu.io.RXTXPort.sendEvent(IZ)Z+382
v  ~StubRoutines::call_stub
j  gnu.io.RXTXPort.eventLoop()V+0
j  gnu.io.RXTXPort$MonitorThread.run()V+12
v  ~StubRoutines::call_stub

---------------  P R O C E S S  ---------------

Java Threads: ( => current thread )
  0x00000212be40d800 JavaThread "Java Sound MidiInDevice Thread" [_thread_in_native, id=768, stack(0x000000af0bd00000,0x000000af0be00000)]
=>0x00000212be3e3800 JavaThread "Thread-1" [_thread_in_native, id=6648, stack(0x000000af0b900000,0x000000af0ba00000)]
  0x00000212a6505800 JavaThread "DestroyJavaVM" [_thread_blocked, id=1900, stack(0x000000af0a600000,0x000000af0a700000)]
  0x00000212bd871800 JavaThread "AWT-EventQueue-0" [_thread_in_native, id=8580, stack(0x000000af0b800000,0x000000af0b900000)]
  0x00000212bd814000 JavaThread "AWT-Windows" daemon [_thread_in_native, id=3684, stack(0x000000af0b700000,0x000000af0b800000)]
  0x00000212bd811800 JavaThread "AWT-Shutdown" [_thread_blocked, id=5644, stack(0x000000af0b600000,0x000000af0b700000)]
  0x00000212bd810800 JavaThread "Java2D Disposer" daemon [_thread_blocked, id=760, stack(0x000000af0b500000,0x000000af0b600000)]
  0x00000212bc947000 JavaThread "Service Thread" daemon [_thread_blocked, id=1252, stack(0x000000af0b300000,0x000000af0b400000)]
  0x00000212bc8cd800 JavaThread "C1 CompilerThread2" daemon [_thread_blocked, id=4776, stack(0x000000af0b200000,0x000000af0b300000)]
  0x00000212bc8c3800 JavaThread "C2 CompilerThread1" daemon [_thread_blocked, id=7308, stack(0x000000af0b100000,0x000000af0b200000)]
  0x00000212bc8bd800 JavaThread "C2 CompilerThread0" daemon [_thread_in_native, id=3192, stack(0x000000af0b000000,0x000000af0b100000)]
  0x00000212bc8ba000 JavaThread "Attach Listener" daemon [_thread_blocked, id=7068, stack(0x000000af0af00000,0x000000af0b000000)]
  0x00000212bc8b9000 JavaThread "Signal Dispatcher" daemon [_thread_blocked, id=3968, stack(0x000000af0ae00000,0x000000af0af00000)]
  0x00000212a678c000 JavaThread "Finalizer" daemon [_thread_blocked, id=2828, stack(0x000000af0ad00000,0x000000af0ae00000)]
  0x00000212bc895800 JavaThread "Reference Handler" daemon [_thread_blocked, id=1524, stack(0x000000af0ac00000,0x000000af0ad00000)]

Other Threads:
  0x00000212bc872000 VMThread [stack: 0x000000af0ab00000,0x000000af0ac00000] [id=708]
  0x00000212bc966000 WatcherThread [stack: 0x000000af0b400000,0x000000af0b500000] [id=9868]

VM state:not at safepoint (normal execution)

VM Mutex/Monitor currently owned by a thread:  ([mutex/lock_event])
[0x00000212a65024c0] AdapterHandlerLibrary_lock - owner thread: 0x00000212bd814000

heap address: 0x0000000087800000, size: 1928 MB, Compressed Oops mode: 32-bit
Narrow klass base: 0x0000000000000000, Narrow klass shift: 3
Compressed class space size: 1073741824 Address: 0x0000000100000000

Heap:
 PSYoungGen      total 36352K, used 20617K [0x00000000d7d80000, 0x00000000da600000, 0x0000000100000000)
  eden space 31232K, 66% used [0x00000000d7d80000,0x00000000d91a25e0,0x00000000d9c00000)
  from space 5120K, 0% used [0x00000000da100000,0x00000000da100000,0x00000000da600000)
  to   space 5120K, 0% used [0x00000000d9c00000,0x00000000d9c00000,0x00000000da100000)
 ParOldGen       total 83456K, used 0K [0x0000000087800000, 0x000000008c980000, 0x00000000d7d80000)
  object space 83456K, 0% used [0x0000000087800000,0x0000000087800000,0x000000008c980000)
 Metaspace       used 14101K, capacity 14320K, committed 14592K, reserved 1062912K
  class space    used 1691K, capacity 1787K, committed 1792K, reserved 1048576K

Card table byte_map: [0x00000212b7300000,0x00000212b76d0000] byte_map_base: 0x00000212b6ec4000

Marking Bits: (ParMarkBitMap*) 0x0000000061fb7fe0
 Begin Bits: [0x00000212b7960000, 0x00000212b9780000)
 End Bits:   [0x00000212b9780000, 0x00000212bb5a0000)

Polling page: 0x00000212a6630000

CodeCache: size=245760Kb used=3378Kb max_used=3378Kb free=242381Kb
 bounds [0x00000212a7f40000, 0x00000212a8290000, 0x00000212b6f40000]
 total_blobs=1445 nmethods=947 adapters=409
 compilation: enabled

Compilation events (10 events):
Event: 1.485 Thread 0x00000212bc8cd800  912       3       java.net.URLStreamHandler::equals (45 bytes)
Event: 1.486 Thread 0x00000212bc8cd800 nmethod 912 0x00000212a8276350 code [0x00000212a82764e0, 0x00000212a8276a00]
Event: 1.490 Thread 0x00000212bc8cd800  913       3       java.lang.Integer::valueOf (32 bytes)
Event: 1.490 Thread 0x00000212bc8cd800 nmethod 913 0x00000212a8276b50 code [0x00000212a8276cc0, 0x00000212a8277018]
Event: 1.490 Thread 0x00000212bc8cd800  914       3       java.lang.Integer::hashCode (8 bytes)
Event: 1.491 Thread 0x00000212bc8cd800 nmethod 914 0x00000212a82771d0 code [0x00000212a8277320, 0x00000212a82774d8]
Event: 1.491 Thread 0x00000212bc8cd800  915       3       java.lang.Integer::hashCode (2 bytes)
Event: 1.491 Thread 0x00000212bc8cd800 nmethod 915 0x00000212a8277590 code [0x00000212a82776e0, 0x00000212a8277818]
Event: 1.491 Thread 0x00000212bc8cd800  916       3       java.util.HashMap::containsKey (18 bytes)
Event: 1.492 Thread 0x00000212bc8cd800 nmethod 916 0x00000212a8277890 code [0x00000212a8277a20, 0x00000212a8277e20]

GC Heap History (0 events):
No events

Deoptimization events (10 events):
Event: 1.185 Thread 0x00000212bd871800 Uncommon trap: reason=class_check action=maybe_recompile pc=0x00000212a81f3b14 method=java.io.DataOutputStream.writeByte(I)V @ 5
Event: 1.185 Thread 0x00000212bd871800 Uncommon trap: reason=class_check action=maybe_recompile pc=0x00000212a81f3b14 method=java.io.DataOutputStream.writeByte(I)V @ 5
Event: 1.185 Thread 0x00000212bd871800 Uncommon trap: reason=class_check action=maybe_recompile pc=0x00000212a81f3b14 method=java.io.DataOutputStream.writeByte(I)V @ 5
Event: 1.220 Thread 0x00000212bd871800 Uncommon trap: reason=class_check action=maybe_recompile pc=0x00000212a8191cec method=java.util.regex.Matcher.getTextLength()I @ 4
Event: 1.220 Thread 0x00000212bd871800 Uncommon trap: reason=class_check action=maybe_recompile pc=0x00000212a8191cec method=java.util.regex.Matcher.getTextLength()I @ 4
Event: 1.222 Thread 0x00000212bd871800 Uncommon trap: reason=class_check action=maybe_recompile pc=0x00000212a818f1c4 method=java.lang.Character.codePointAt(Ljava/lang/CharSequence;I)I @ 2
Event: 1.223 Thread 0x00000212bd871800 Uncommon trap: reason=unstable_if action=reinterpret pc=0x00000212a820ffcc method=java.util.regex.Matcher.reset()Ljava/util/regex/Matcher; @ 47
Event: 1.226 Thread 0x00000212bd871800 Uncommon trap: reason=class_check action=maybe_recompile pc=0x00000212a818f1c4 method=java.lang.Character.codePointAt(Ljava/lang/CharSequence;I)I @ 2
Event: 1.227 Thread 0x00000212bd871800 Uncommon trap: reason=class_check action=maybe_recompile pc=0x00000212a818f1c4 method=java.lang.Character.codePointAt(Ljava/lang/CharSequence;I)I @ 2
Event: 1.350 Thread 0x00000212bd871800 Uncommon trap: reason=class_check action=maybe_recompile pc=0x00000212a818f1c4 method=java.lang.Character.codePointAt(Ljava/lang/CharSequence;I)I @ 2

Classes redefined (0 events):
No events

Internal exceptions (10 events):
Event: 0.408 Thread 0x00000212bd871800 Exception <a 'java/lang/ClassNotFoundException': org/apache/log4j/AppenderSkeletonCustomizer> (0x00000000d83f1430) thrown at [C:\jenkins\workspace\8-2-build-windows-amd64-cygwin\jdk8u271\605\hotspot\src\share\vm\classfile\systemDictionary.cpp, line 212]
Event: 0.410 Thread 0x00000212bd871800 Exception <a 'java/lang/ClassNotFoundException': org/apache/log4j/WriterAppenderCustomizer> (0x00000000d8405c80) thrown at [C:\jenkins\workspace\8-2-build-windows-amd64-cygwin\jdk8u271\605\hotspot\src\share\vm\classfile\systemDictionary.cpp, line 212]
Event: 0.412 Thread 0x00000212bd871800 Exception <a 'java/lang/ClassNotFoundException': org/apache/log4j/FileAppenderCustomizer> (0x00000000d8414848) thrown at [C:\jenkins\workspace\8-2-build-windows-amd64-cygwin\jdk8u271\605\hotspot\src\share\vm\classfile\systemDictionary.cpp, line 212]
Event: 0.414 Thread 0x00000212bd871800 Exception <a 'java/lang/ClassNotFoundException': org/apache/log4j/RollingFileAppenderCustomizer> (0x00000000d8423920) thrown at [C:\jenkins\workspace\8-2-build-windows-amd64-cygwin\jdk8u271\605\hotspot\src\share\vm\classfile\systemDictionary.cpp, line 212
Event: 0.461 Thread 0x00000212bd871800 Exception <a 'java/io/FileNotFoundException'> (0x00000000d84db7b8) thrown at [C:\jenkins\workspace\8-2-build-windows-amd64-cygwin\jdk8u271\605\hotspot\src\share\vm\prims\jni.cpp, line 710]
Event: 0.462 Thread 0x00000212bd871800 Exception <a 'java/io/FileNotFoundException'> (0x00000000d84dcc48) thrown at [C:\jenkins\workspace\8-2-build-windows-amd64-cygwin\jdk8u271\605\hotspot\src\share\vm\prims\jni.cpp, line 710]
Event: 0.465 Thread 0x00000212bd871800 Exception <a 'java/io/FileNotFoundException'> (0x00000000d84f3b78) thrown at [C:\jenkins\workspace\8-2-build-windows-amd64-cygwin\jdk8u271\605\hotspot\src\share\vm\prims\jni.cpp, line 710]
Event: 0.466 Thread 0x00000212bd871800 Exception <a 'java/io/FileNotFoundException'> (0x00000000d84f4e48) thrown at [C:\jenkins\workspace\8-2-build-windows-amd64-cygwin\jdk8u271\605\hotspot\src\share\vm\prims\jni.cpp, line 710]
Event: 0.688 Thread 0x00000212bd871800 Exception <a 'java/io/FileNotFoundException'> (0x00000000d87ab320) thrown at [C:\jenkins\workspace\8-2-build-windows-amd64-cygwin\jdk8u271\605\hotspot\src\share\vm\prims\jni.cpp, line 710]
Event: 1.220 Thread 0x00000212bd871800 Exception <a 'java/lang/UnsatisfiedLinkError': La procédure spécifiée est introuvable.
> (0x00000000d8cd7590) thrown at [C:\jenkins\workspace\8-2-build-windows-amd64-cygwin\jdk8u271\605\hotspot\src\share\vm\prims\jni.cpp, line 737]

Events (10 events):
Event: 1.493 loading class sun/awt/LightweightFrame
Event: 1.493 loading class sun/awt/LightweightFrame done
Event: 1.493 loading class sun/awt/im/InputMethodWindow
Event: 1.493 loading class sun/awt/im/InputMethodWindow done
Event: 1.495 loading class gnu/io/SerialPortEvent
Event: 1.495 loading class gnu/io/SerialPortEvent done
Event: 1.496 loading class sun/awt/windows/WComponentPeer$2
Event: 1.496 loading class sun/awt/windows/WComponentPeer$2 done
Event: 1.496 loading class javax/swing/RepaintManager$2
Event: 1.496 loading class javax/swing/RepaintManager$2 done


Dynamic libraries:
0x00007ff770260000 - 0x00007ff7702a7000 	C:\Program Files\Java\jdk1.8.0_271\jre\bin\java.exe
0x00007fffab960000 - 0x00007fffabb4d000 	C:\Windows\SYSTEM32\ntdll.dll
0x00007fffaaec0000 - 0x00007fffaaf73000 	C:\Windows\System32\KERNEL32.DLL
0x00007fffa7a10000 - 0x00007fffa7ca5000 	C:\Windows\System32\KERNELBASE.dll
0x00007fffa9180000 - 0x00007fffa9223000 	C:\Windows\System32\ADVAPI32.dll
0x00007fffa9230000 - 0x00007fffa92ce000 	C:\Windows\System32\msvcrt.dll
0x00007fffa97b0000 - 0x00007fffa984f000 	C:\Windows\System32\sechost.dll
0x00007fffa9500000 - 0x00007fffa9622000 	C:\Windows\System32\RPCRT4.dll
0x00007fffab580000 - 0x00007fffab717000 	C:\Windows\System32\USER32.dll
0x00007fffa8aa0000 - 0x00007fffa8ac0000 	C:\Windows\System32\win32u.dll
0x00007fffaaf80000 - 0x00007fffaafa9000 	C:\Windows\System32\GDI32.dll
0x00007fffa7ff0000 - 0x00007fffa818c000 	C:\Windows\System32\gdi32full.dll
0x00007fffa8ac0000 - 0x00007fffa8b60000 	C:\Windows\System32\msvcp_win.dll
0x00007fffa81c0000 - 0x00007fffa82ba000 	C:\Windows\System32\ucrtbase.dll
0x00007fff98080000 - 0x00007fff982f9000 	C:\Windows\WinSxS\amd64_microsoft.windows.common-controls_6595b64144ccf1df_6.0.17763.1637_none_de704308534c3ec5\COMCTL32.dll
0x00007fffa8e40000 - 0x00007fffa916e000 	C:\Windows\System32\combase.dll
0x00007fffa8a20000 - 0x00007fffa8a9f000 	C:\Windows\System32\bcryptPrimitives.dll
0x00007fffa92d0000 - 0x00007fffa92fe000 	C:\Windows\System32\IMM32.DLL
0x00007fff99260000 - 0x00007fff99275000 	C:\Program Files\Java\jdk1.8.0_271\jre\bin\vcruntime140.dll
0x00007fff73650000 - 0x00007fff736eb000 	C:\Program Files\Java\jdk1.8.0_271\jre\bin\msvcp140.dll
0x00000000617c0000 - 0x000000006202f000 	C:\Program Files\Java\jdk1.8.0_271\jre\bin\server\jvm.dll
0x00007fffa96b0000 - 0x00007fffa96b8000 	C:\Windows\System32\PSAPI.DLL
0x00007fff8ced0000 - 0x00007fff8ced9000 	C:\Windows\SYSTEM32\WSOCK32.dll
0x00007fffa3920000 - 0x00007fffa3944000 	C:\Windows\SYSTEM32\WINMM.dll
0x00007fffab010000 - 0x00007fffab07d000 	C:\Windows\System32\WS2_32.dll
0x00007fffa38f0000 - 0x00007fffa391d000 	C:\Windows\SYSTEM32\winmmbase.dll
0x00007fff984f0000 - 0x00007fff984fa000 	C:\Windows\SYSTEM32\VERSION.dll
0x00007fffa7fa0000 - 0x00007fffa7fea000 	C:\Windows\System32\cfgmgr32.dll
0x00007fffa7990000 - 0x00007fffa79a1000 	C:\Windows\System32\kernel.appcore.dll
0x00007fff9ef50000 - 0x00007fff9ef60000 	C:\Program Files\Java\jdk1.8.0_271\jre\bin\verify.dll
0x00007fff971d0000 - 0x00007fff971fb000 	C:\Program Files\Java\jdk1.8.0_271\jre\bin\java.dll
0x00007fff96b70000 - 0x00007fff96b88000 	C:\Program Files\Java\jdk1.8.0_271\jre\bin\zip.dll
0x00007fffa9850000 - 0x00007fffaad49000 	C:\Windows\System32\SHELL32.dll
0x00007fffab720000 - 0x00007fffab7c8000 	C:\Windows\System32\shcore.dll
0x00007fffa82c0000 - 0x00007fffa8a13000 	C:\Windows\System32\windows.storage.dll
0x00007fffa7960000 - 0x00007fffa7984000 	C:\Windows\System32\profapi.dll
0x00007fffa79b0000 - 0x00007fffa7a0d000 	C:\Windows\System32\powrprof.dll
0x00007fffa8de0000 - 0x00007fffa8e32000 	C:\Windows\System32\shlwapi.dll
0x00007fffa8b60000 - 0x00007fffa8b77000 	C:\Windows\System32\cryptsp.dll
0x00007fff6a440000 - 0x00007fff6a5d4000 	C:\Program Files\Java\jdk1.8.0_271\jre\bin\awt.dll
0x00007fffa9300000 - 0x00007fffa93c4000 	C:\Windows\System32\OLEAUT32.dll
0x00007fffa58a0000 - 0x00007fffa592c000 	C:\Windows\SYSTEM32\apphelp.dll
0x00007fffa5a50000 - 0x00007fffa5aec000 	C:\Windows\system32\uxtheme.dll
0x00007fffaad50000 - 0x00007fffaaebb000 	C:\Windows\System32\MSCTF.dll
0x00007fff76d60000 - 0x00007fff778a6000 	C:\Windows\SYSTEM32\ig75icd64.dll
0x00007fff88ec0000 - 0x00007fff88fe7000 	C:\Windows\SYSTEM32\OPENGL32.dll
0x00007fff9b710000 - 0x00007fff9c150000 	C:\Windows\SYSTEM32\igdusc64.dll
0x00007fffa36d0000 - 0x00007fffa36e3000 	C:\Windows\SYSTEM32\WTSAPI32.dll
0x00007fffa5d00000 - 0x00007fffa5d2e000 	C:\Windows\SYSTEM32\dwmapi.dll
0x00007fffa7dc0000 - 0x00007fffa7f9c000 	C:\Windows\System32\CRYPT32.dll
0x00007fff89980000 - 0x00007fff899ac000 	C:\Windows\SYSTEM32\GLU32.dll
0x00007fffa7940000 - 0x00007fffa7952000 	C:\Windows\System32\MSASN1.dll
0x00007fffab7d0000 - 0x00007fffab926000 	C:\Windows\System32\ole32.dll
0x00007fff96ac0000 - 0x00007fff96adc000 	C:\Program Files\Java\jdk1.8.0_271\jre\bin\net.dll
0x00007fffa71b0000 - 0x00007fffa7217000 	C:\Windows\system32\mswsock.dll
0x00007fff950d0000 - 0x00007fff950e6000 	C:\Windows\system32\napinsp.dll
0x00007fff83c70000 - 0x00007fff83c8a000 	C:\Windows\system32\pnrpnsp.dll
0x00007fffa6f10000 - 0x00007fffa6fd6000 	C:\Windows\SYSTEM32\DNSAPI.dll
0x00007fffa9170000 - 0x00007fffa9178000 	C:\Windows\System32\NSI.dll
0x00007fffa6ed0000 - 0x00007fffa6f0d000 	C:\Windows\SYSTEM32\IPHLPAPI.DLL
0x00007fff970d0000 - 0x00007fff970de000 	C:\Windows\System32\winrnr.dll
0x00007fff9b240000 - 0x00007fff9b25b000 	C:\Windows\system32\NLAapi.dll
0x00007fff9fe80000 - 0x00007fff9fe95000 	C:\Windows\system32\wshbth.dll
0x00007fff960f0000 - 0x00007fff960fa000 	C:\Windows\System32\rasadhlp.dll
0x00007fff97680000 - 0x00007fff976f9000 	C:\Windows\System32\fwpuclnt.dll
0x00007fffa8190000 - 0x00007fffa81b6000 	C:\Windows\System32\bcrypt.dll
0x0000000180000000 - 0x0000000180025000 	C:\Program Files\Java\jdk1.8.0_271\jre\bin\rxtxSerial.dll
0x00007fff9ede0000 - 0x00007fff9eded000 	C:\Program Files\Java\jdk1.8.0_271\jre\bin\jsound.dll
0x00007fff9b310000 - 0x00007fff9b31d000 	C:\Program Files\Java\jdk1.8.0_271\jre\bin\jsoundds.dll
0x00007fffa32d0000 - 0x00007fffa3366000 	C:\Windows\SYSTEM32\DSOUND.dll
0x00007fff99890000 - 0x00007fff99900000 	C:\Windows\SYSTEM32\MMDevAPI.DLL
0x00007fffa7750000 - 0x00007fffa7779000 	C:\Windows\SYSTEM32\DEVOBJ.dll
0x00007fffa63a0000 - 0x00007fffa6549000 	C:\Windows\SYSTEM32\PROPSYS.dll
0x00007fff62bc0000 - 0x00007fff62c04000 	C:\Windows\SYSTEM32\wdmaud.drv
0x00007fff8ada0000 - 0x00007fff8ada9000 	C:\Windows\SYSTEM32\ksuser.dll
0x00007fffa24f0000 - 0x00007fffa24fa000 	C:\Windows\SYSTEM32\AVRT.dll
0x00007fff99900000 - 0x00007fff99a48000 	C:\Windows\SYSTEM32\AUDIOSES.DLL
0x00007fffa3b30000 - 0x00007fffa3c83000 	C:\Windows\SYSTEM32\wintypes.dll
0x00007fff7f010000 - 0x00007fff7f01d000 	C:\Windows\SYSTEM32\msacm32.drv
0x00007fff83c50000 - 0x00007fff83c6c000 	C:\Windows\SYSTEM32\MSACM32.dll
0x00007fff6db00000 - 0x00007fff6db0a000 	C:\Windows\SYSTEM32\midimap.dll
0x00007fff96760000 - 0x00007fff96773000 	C:\Program Files\Java\jdk1.8.0_271\jre\bin\nio.dll
0x00007fffa6d30000 - 0x00007fffa6d63000 	C:\Windows\system32\rsaenh.dll
0x00007fffa7870000 - 0x00007fffa7899000 	C:\Windows\SYSTEM32\USERENV.dll
0x00007fffa7380000 - 0x00007fffa738c000 	C:\Windows\SYSTEM32\CRYPTBASE.dll
0x00007fff99a70000 - 0x00007fff99a86000 	C:\Windows\SYSTEM32\dhcpcsvc6.DLL
0x00007fff997a0000 - 0x00007fff997bc000 	C:\Windows\SYSTEM32\dhcpcsvc.DLL
0x00007fff939d0000 - 0x00007fff93a12000 	C:\Users\David\AppData\Local\Temp\jna-65805908\jna4349708178078162857.dll
0x00007fff900c0000 - 0x00007fff900f4000 	C:\Program Files\VideoLAN\VLC\libvlc.dll
0x00007fff65590000 - 0x00007fff65844000 	C:\Program Files\VideoLAN\VLC\libvlccore.dll
0x00007fff96740000 - 0x00007fff96758000 	C:\Program Files\VideoLAN\VLC\plugins\logger\libfile_logger_plugin.dll
0x00007fff959e0000 - 0x00007fff959f7000 	C:\Program Files\VideoLAN\VLC\plugins\logger\libconsole_logger_plugin.dll
0x00007fff94990000 - 0x00007fff949a1000 	C:\Program Files\VideoLAN\VLC\plugins\keystore\libmemory_keystore_plugin.dll
0x00007fff8e870000 - 0x00007fff8e887000 	C:\Program Files\VideoLAN\VLC\plugins\audio_output\libmmdevice_plugin.dll
0x00007fffa8b80000 - 0x00007fffa8c22000 	C:\Windows\System32\clbcatq.dll
0x00007fffa23b0000 - 0x00007fffa24ea000 	C:\Windows\System32\Windows.UI.dll
0x00007fffa2310000 - 0x00007fffa23a5000 	C:\Windows\System32\TextInputFramework.dll
0x00007fffa2240000 - 0x00007fffa230c000 	C:\Windows\System32\InputHost.dll
0x00007fff9f9d0000 - 0x00007fff9fcf2000 	C:\Windows\System32\CoreUIComponents.dll
0x00007fffa5590000 - 0x00007fffa5672000 	C:\Windows\System32\CoreMessaging.dll
0x00007fffa5de0000 - 0x00007fffa5ff4000 	C:\Windows\System32\twinapi.appcore.dll
0x00007fffa4aa0000 - 0x00007fffa505e000 	C:\Windows\System32\d2d1.dll
0x00007fffa4820000 - 0x00007fffa4a9e000 	C:\Windows\System32\d3d11.dll
0x00007fffa69b0000 - 0x00007fffa69e1000 	C:\Windows\SYSTEM32\ntmarta.dll
0x00007fffa6020000 - 0x00007fffa6048000 	C:\Windows\System32\RMCLIENT.dll
0x00007fffa6660000 - 0x00007fffa6722000 	C:\Windows\System32\dxgi.dll
0x00007fff92ab0000 - 0x00007fff92c9d000 	C:\Windows\SYSTEM32\dbghelp.dll
0x00007fff85430000 - 0x00007fff85479000 	C:\Program Files\Java\jdk1.8.0_271\jre\bin\fontmanager.dll

VM Arguments:
java_command: .\target\rosita-jar-with-dependencies.jar
java_class_path (initial): .\target\rosita-jar-with-dependencies.jar
Launcher Type: SUN_STANDARD

Environment Variables:
JAVA_HOME=C:\Program Files\Java\jdk1.8.0_271\
PATH=C:\Program Files (x86)\VMware\VMware Player\bin\;C:\Windows\system32;C:\Windows;C:\Windows\System32\Wbem;C:\Windows\System32\WindowsPowerShell\v1.0\;C:\Windows\System32\OpenSSH\;C:\ProgramData\chocolatey\bin;C:\Users\David\.dnx\bin;C:\Program Files\Microsoft DNX\Dnvm\;C:\Program Files\Microsoft SQL Server\130\Tools\Binn\;C:\Program Files (x86)\Windows Kits\8.1\Windows Performance Toolkit\;C:\Program Files\Java\jdk1.8.0_271\jre\bin;C:\Users\David\AppData\Local\Microsoft\WindowsApps;
USERNAME=David
OS=Windows_NT
PROCESSOR_IDENTIFIER=Intel64 Family 6 Model 69 Stepping 1, GenuineIntel



---------------  S Y S T E M  ---------------

OS: Windows 10.0 , 64 bit Build 17763 (10.0.17763.475)

CPU:total 4 (initial active 4) (2 cores per cpu, 2 threads per core) family 6 model 69 stepping 1, cmov, cx8, fxsr, mmx, sse, sse2, sse3, ssse3, sse4.1, sse4.2, popcnt, avx, avx2, aes, clmul, erms, lzcnt, ht, tsc, tscinvbit, bmi1, bmi2

Memory: 4k page, physical 7894460k(4000564k free), swap 11957692k(7203956k free)

vm_info: Java HotSpot(TM) 64-Bit Server VM (25.271-b09) for windows-amd64 JRE (1.8.0_271-b09), built on Sep 16 2020 19:14:59 by "" with MS VC++ 15.9 (VS2017)

time: Tue Dec 15 23:13:11 2020
timezone: Paris, Madrid
elapsed time: 1.569298 seconds (0d 0h 0m 1s)

